PRT1
150
263
4 0 2 (9472 -3072 -2304 ) (9472 -3072 4864 ) (9216 -3072 4864 ) (9216 -3072 -2304 ) 
4 0 1 (9216 -3072 -2304 ) (9216 -3072 4864 ) (9216 -2560 4864 ) (9216 -2560 -2304 ) 
4 1 8 (8192 -3072 -2304 ) (8192 -3072 4864 ) (8192 -2560 4864 ) (8192 -2560 -2304 ) 
4 1 3 (9216 -3072 -2304 ) (9216 -3072 4864 ) (8192 -3072 4864 ) (8192 -3072 -2304 ) 
4 2 4 (9472 -4096 -2304 ) (9472 -4096 4864 ) (9216 -4096 4864 ) (9216 -4096 -2304 ) 
4 2 3 (9216 -3072 4864 ) (9216 -3072 -2304 ) (9216 -4096 -2304 ) (9216 -4096 4864 ) 
4 3 12 (8192 -4096 -2304 ) (8192 -4096 4864 ) (8192 -3072 4864 ) (8192 -3072 -2304 ) 
4 3 5 (8192 -4096 4864 ) (8192 -4096 -2304 ) (9216 -4096 -2304 ) (9216 -4096 4864 ) 
4 4 6 (9472 -5120 -2304 ) (9472 -5120 4864 ) (9216 -5120 4864 ) (9216 -5120 -2304 ) 
4 4 5 (9216 -4096 4864 ) (9216 -4096 -2304 ) (9216 -5120 -2304 ) (9216 -5120 4864 ) 
4 5 14 (8192 -5120 -2304 ) (8192 -5120 4864 ) (8192 -4096 4864 ) (8192 -4096 -2304 ) 
4 5 7 (8192 -5120 4864 ) (8192 -5120 -2304 ) (9216 -5120 -2304 ) (9216 -5120 4864 ) 
4 6 24 (9472 -6144 -2304 ) (9472 -6144 4864 ) (9216 -6144 4864 ) (9216 -6144 -2304 ) 
4 6 7 (9216 -5120 4864 ) (9216 -5120 -2304 ) (9216 -6144 -2304 ) (9216 -6144 4864 ) 
4 7 25 (9216 -6144 -2304 ) (9216 -6144 4864 ) (8192 -6144 4864 ) (8192 -6144 -2304 ) 
4 7 16 (8192 -6144 -2304 ) (8192 -6144 4864 ) (8192 -5120 4864 ) (8192 -5120 -2304 ) 
4 8 12 (8192 -3072 -2304 ) (8192 -3072 4864 ) (7168 -3072 4864 ) (7168 -3072 -2304 ) 
4 8 9 (7168 -3072 -2304 ) (7168 -3072 4864 ) (7168 -2560 4864 ) (7168 -2560 -2304 ) 
4 9 13 (7168 -3072 -2304 ) (7168 -3072 4864 ) (6144 -3072 4864 ) (6144 -3072 -2304 ) 
4 9 10 (6144 -3072 -2304 ) (6144 -3072 4864 ) (6144 -2560 4864 ) (6144 -2560 -2304 ) 
4 10 18 (6144 -3072 -2304 ) (6144 -3072 4864 ) (5120 -3072 4864 ) (5120 -3072 -2304 ) 
4 10 11 (5120 -3072 -2304 ) (5120 -3072 4864 ) (5120 -2560 4864 ) (5120 -2560 -2304 ) 
4 11 42 (4096 -3072 -2304 ) (4096 -3072 4864 ) (4096 -2560 4864 ) (4096 -2560 -2304 ) 
4 11 19 (5120 -3072 -2304 ) (5120 -3072 4864 ) (4096 -3072 4864 ) (4096 -3072 -2304 ) 
4 12 14 (8192 -4096 -2304 ) (8192 -4096 4864 ) (7168 -4096 4864 ) (7168 -4096 -2304 ) 
4 12 13 (7168 -3072 4864 ) (7168 -3072 -2304 ) (7168 -4096 -2304 ) (7168 -4096 4864 ) 
4 13 18 (6144 -3072 4864 ) (6144 -3072 -2304 ) (6144 -4096 -2304 ) (6144 -4096 4864 ) 
4 13 15 (7168 -4096 -2304 ) (7168 -4096 4864 ) (6144 -4096 4864 ) (6144 -4096 -2304 ) 
4 14 16 (8192 -5120 -2304 ) (8192 -5120 4864 ) (7168 -5120 4864 ) (7168 -5120 -2304 ) 
4 14 15 (7168 -5120 -2304 ) (7168 -5120 4864 ) (7168 -4096 4864 ) (7168 -4096 -2304 ) 
4 15 20 (6144 -5120 -2304 ) (6144 -5120 4864 ) (6144 -4096 4864 ) (6144 -4096 -2304 ) 
4 15 17 (6144 -5120 4864 ) (6144 -5120 -2304 ) (7168 -5120 -2304 ) (7168 -5120 4864 ) 
4 16 30 (8192 -6144 -2304 ) (8192 -6144 4864 ) (7168 -6144 4864 ) (7168 -6144 -2304 ) 
4 16 17 (7168 -5120 4864 ) (7168 -5120 -2304 ) (7168 -6144 -2304 ) (7168 -6144 4864 ) 
4 17 31 (7168 -6144 -2304 ) (7168 -6144 4864 ) (6144 -6144 4864 ) (6144 -6144 -2304 ) 
4 17 22 (6144 -6144 -2304 ) (6144 -6144 4864 ) (6144 -5120 4864 ) (6144 -5120 -2304 ) 
4 18 20 (6144 -4096 -2304 ) (6144 -4096 4864 ) (5120 -4096 4864 ) (5120 -4096 -2304 ) 
4 18 19 (5120 -3072 4864 ) (5120 -3072 -2304 ) (5120 -4096 -2304 ) (5120 -4096 4864 ) 
4 19 46 (4096 -4096 -2304 ) (4096 -4096 4864 ) (4096 -3072 4864 ) (4096 -3072 -2304 ) 
4 19 21 (5120 -4096 -2304 ) (5120 -4096 4864 ) (4096 -4096 4864 ) (4096 -4096 -2304 ) 
4 20 22 (6144 -5120 -2304 ) (6144 -5120 4864 ) (5120 -5120 4864 ) (5120 -5120 -2304 ) 
4 20 21 (5120 -5120 -2304 ) (5120 -5120 4864 ) (5120 -4096 4864 ) (5120 -4096 -2304 ) 
4 21 49 (4096 -5120 -2304 ) (4096 -5120 4864 ) (4096 -4096 4864 ) (4096 -4096 -2304 ) 
4 21 23 (4096 -5120 4864 ) (4096 -5120 -2304 ) (5120 -5120 -2304 ) (5120 -5120 4864 ) 
4 22 34 (6144 -6144 -2304 ) (6144 -6144 4864 ) (5120 -6144 4864 ) (5120 -6144 -2304 ) 
4 22 23 (5120 -5120 4864 ) (5120 -5120 -2304 ) (5120 -6144 -2304 ) (5120 -6144 4864 ) 
4 23 51 (4096 -6144 -2304 ) (4096 -6144 4864 ) (4096 -5120 4864 ) (4096 -5120 -2304 ) 
4 23 35 (5120 -6144 -2304 ) (5120 -6144 4864 ) (4096 -6144 4864 ) (4096 -6144 -2304 ) 
4 24 26 (9472 -7168 -2304 ) (9472 -7168 4864 ) (9216 -7168 4864 ) (9216 -7168 -2304 ) 
4 24 25 (9216 -6144 4864 ) (9216 -6144 -2304 ) (9216 -7168 -2304 ) (9216 -7168 4864 ) 
4 25 30 (8192 -6144 4864 ) (8192 -6144 -2304 ) (8192 -7168 -2304 ) (8192 -7168 4864 ) 
4 25 27 (9216 -7168 -2304 ) (9216 -7168 4864 ) (8192 -7168 4864 ) (8192 -7168 -2304 ) 
4 26 28 (9472 -8192 -2304 ) (9472 -8192 4864 ) (9216 -8192 4864 ) (9216 -8192 -2304 ) 
4 26 27 (9216 -7168 4864 ) (9216 -7168 -2304 ) (9216 -8192 -2304 ) (9216 -8192 4864 ) 
4 27 32 (8192 -8192 -2304 ) (8192 -8192 4864 ) (8192 -7168 4864 ) (8192 -7168 -2304 ) 
4 27 29 (9216 -8192 -2304 ) (9216 -8192 4864 ) (8192 -8192 4864 ) (8192 -8192 -2304 ) 
4 28 29 (9216 -8192 4864 ) (9216 -8192 -2304 ) (9216 -9216 -2304 ) (9216 -9216 4864 ) 
4 29 38 (8192 -9216 -2304 ) (8192 -9216 4864 ) (8192 -8192 4864 ) (8192 -8192 -2304 ) 
4 30 32 (8192 -7168 -2304 ) (8192 -7168 4864 ) (7168 -7168 4864 ) (7168 -7168 -2304 ) 
4 30 31 (7168 -6144 4864 ) (7168 -6144 -2304 ) (7168 -7168 -2304 ) (7168 -7168 4864 ) 
4 31 34 (6144 -6144 4864 ) (6144 -6144 -2304 ) (6144 -7168 -2304 ) (6144 -7168 4864 ) 
4 31 33 (7168 -7168 -2304 ) (7168 -7168 4864 ) (6144 -7168 4864 ) (6144 -7168 -2304 ) 
4 32 38 (8192 -8192 -2304 ) (8192 -8192 4864 ) (7168 -8192 4864 ) (7168 -8192 -2304 ) 
4 32 33 (7168 -7168 4864 ) (7168 -7168 -2304 ) (7168 -8192 -2304 ) (7168 -8192 4864 ) 
4 33 39 (7168 -8192 -2304 ) (7168 -8192 4864 ) (6144 -8192 4864 ) (6144 -8192 -2304 ) 
4 33 36 (6144 -8192 -2304 ) (6144 -8192 4864 ) (6144 -7168 4864 ) (6144 -7168 -2304 ) 
4 34 36 (6144 -7168 -2304 ) (6144 -7168 4864 ) (5120 -7168 4864 ) (5120 -7168 -2304 ) 
4 34 35 (5120 -6144 4864 ) (5120 -6144 -2304 ) (5120 -7168 -2304 ) (5120 -7168 4864 ) 
4 35 135 (4096 -7168 -2304 ) (4096 -7168 4864 ) (4096 -6144 4864 ) (4096 -6144 -2304 ) 
4 35 37 (5120 -7168 -2304 ) (5120 -7168 4864 ) (4096 -7168 4864 ) (4096 -7168 -2304 ) 
4 36 40 (6144 -8192 -2304 ) (6144 -8192 4864 ) (5120 -8192 4864 ) (5120 -8192 -2304 ) 
4 36 37 (5120 -7168 4864 ) (5120 -7168 -2304 ) (5120 -8192 -2304 ) (5120 -8192 4864 ) 
4 37 137 (4096 -8192 -2304 ) (4096 -8192 4864 ) (4096 -7168 4864 ) (4096 -7168 -2304 ) 
4 37 41 (5120 -8192 -2304 ) (5120 -8192 4864 ) (4096 -8192 4864 ) (4096 -8192 -2304 ) 
4 38 39 (7168 -8192 4864 ) (7168 -8192 -2304 ) (7168 -9216 -2304 ) (7168 -9216 4864 ) 
4 39 40 (6144 -8192 4864 ) (6144 -8192 -2304 ) (6144 -9216 -2304 ) (6144 -9216 4864 ) 
4 40 41 (5120 -8192 4864 ) (5120 -8192 -2304 ) (5120 -9216 -2304 ) (5120 -9216 4864 ) 
4 41 139 (4096 -9216 -2304 ) (4096 -9216 4864 ) (4096 -8192 4864 ) (4096 -8192 -2304 ) 
4 42 46 (4096 -3072 -2304 ) (4096 -3072 4864 ) (3072 -3072 4864 ) (3072 -3072 -2304 ) 
4 42 43 (3072 -3072 -2304 ) (3072 -3072 4864 ) (3072 -2560 4864 ) (3072 -2560 -2304 ) 
4 43 47 (3072 -3072 -2304 ) (3072 -3072 4864 ) (2816 -3072 4864 ) (2816 -3072 -2304 ) 
4 44 54 (1343 -3072 35.998047 ) (1343 -3072 223.978241 ) (1215 -3072 191.995117 ) (1215 -3072 67.998047 ) 
4 45 56 (861 -3072 350 ) (129 -3072 350 ) (129 -3072 -313.859009 ) (861 -3072 -313.859009 ) 
4 46 49 (4096 -4096 -2304 ) (4096 -4096 4864 ) (3072 -4096 4864 ) (3072 -4096 -2304 ) 
4 46 47 (3072 -3072 4864 ) (3072 -3072 -2304 ) (3072 -4096 -2304 ) (3072 -4096 4864 ) 
4 47 50 (3072 -4096 -2304 ) (3072 -4096 4864 ) (2816 -4096 4864 ) (2816 -4096 -2304 ) 
4 48 53 (2048 -3592 -394.690033 ) (2048 -4040 -394.690033 ) (2048 -4040 277.309998 ) (2048 -3592 277.309998 ) 
4 49 51 (4096 -5120 -2304 ) (4096 -5120 4864 ) (3072 -5120 4864 ) (3072 -5120 -2304 ) 
4 49 50 (3072 -5120 -2304 ) (3072 -5120 4864 ) (3072 -4096 4864 ) (3072 -4096 -2304 ) 
4 50 52 (3072 -5120 -2304 ) (3072 -5120 4864 ) (2816 -5120 4864 ) (2816 -5120 -2304 ) 
4 51 135 (4096 -6144 -2304 ) (4096 -6144 4864 ) (3072 -6144 4864 ) (3072 -6144 -2304 ) 
4 51 52 (3072 -5120 4864 ) (3072 -5120 -2304 ) (3072 -6144 -2304 ) (3072 -6144 4864 ) 
4 52 136 (3072 -6144 -2304 ) (3072 -6144 4864 ) (2816 -6144 4864 ) (2816 -6144 -2304 ) 
4 55 58 (1024 -3800 -192.850021 ) (1024 -4056 -192.850021 ) (1024 -4056 -96.849998 ) (1024 -3800 -96.849998 ) 
4 55 57 (1024 -4056 -96.849998 ) (1024 -4056 -64.849998 ) (1024 -3800 -64.849998 ) (1024 -3800 -96.849998 ) 
4 57 58 (1024 -4056 -96.849998 ) (801.500000 -4056 -96.849998 ) (801.500000 -3800 -96.849998 ) (1024 -3800 -96.849998 ) 
4 60 69 (-1024 -5120 -96 ) (-1024 -5120 256 ) (-1024 -4968 256 ) (-1024 -4968 -96 ) 
4 60 130 (-1024 -5120 32 ) (-1024 -5120 -96 ) (-1024 -5160 -96 ) (-1024 -5160 32 ) 
4 60 102 (-1024 -5120 160 ) (-1024 -5120 32 ) (-1024 -5160 32 ) (-1024 -5160 160 ) 
4 60 90 (-1024 -5120 256 ) (-1024 -5120 160 ) (-1024 -5160 160 ) (-1024 -5160 256 ) 
4 60 70 (-1024 -5160 128 ) (-1024 -5160 64 ) (-990 -5160 64 ) (-990 -5160 128 ) 
4 60 82 (-750 -5296 32 ) (-750 -5424 32 ) (-750 -5424 160 ) (-750 -5296 160 ) 
4 60 83 (-686 -5456 32 ) (-494 -5456 32 ) (-494 -5456 160 ) (-686 -5456 160 ) 
4 61 64 (-757.374573 -3072 12505 ) (-1024 -3072 12505 ) (-1024 -3072 -13312 ) (-757.374573 -3072 -13312 ) 
4 61 62 (-1024 -3072 -13312 ) (-1024 -3072 12505 ) (-1024 -2689.459717 12505 ) (-1024 -2689.459717 -13312 ) 
4 62 65 (-1024 -3072 -13312 ) (-1024 -3072 12505 ) (-2048 -3072 12505 ) (-2048 -3072 -13312 ) 
4 62 63 (-2048 -3072 -13312 ) (-2048 -3072 12505 ) (-2048 -2530.628906 12505 ) (-2048 -2530.628906 -13312 ) 
4 63 131 (-2048 -3072 -13312 ) (-2048 -3072 12505 ) (-2570.625488 -3072 12505 ) (-2570.625488 -3072 -13312 ) 
4 64 66 (-1024 -4096 12505 ) (-1024 -4096 -13312 ) (-954.007141 -4096 -13312 ) (-954.007141 -4096 12505 ) 
4 64 65 (-1024 -3072 12505 ) (-1024 -3072 -13312 ) (-1024 -4096 -13312 ) (-1024 -4096 12505 ) 
4 65 131 (-2048 -3072 12505 ) (-2048 -3072 -13312 ) (-2048 -4096 -13312 ) (-2048 -4096 12505 ) 
4 65 67 (-1024 -4096 -13312 ) (-1024 -4096 12505 ) (-2048 -4096 12505 ) (-2048 -4096 -13312 ) 
4 66 67 (-1024 -4158.540527 12505 ) (-1024 -4096 12505 ) (-1024 -4096 -13312 ) (-1024 -4158.540527 -13312 ) 
4 67 132 (-2048 -4096 12505 ) (-2048 -4096 -13312 ) (-2048 -4317.371094 -13312 ) (-2048 -4317.371094 12505 ) 
4 68 89 (-1576 -5120 256 ) (-1368 -5120 256 ) (-1368 -5120 288 ) (-1576 -5120 288 ) 
5 68 69 (-1472 -4968 256 ) (-1344 -5096 256 ) (-1368 -5120 256 ) (-1576 -5120 256 ) (-1600 -5096 256 ) 
4 69 133 (-2048 -5120 -96 ) (-2048 -5120 256 ) (-2048 -4968 256 ) (-2048 -4968 -96 ) 
4 69 130 (-2048 -5120 32 ) (-2048 -5120 -96 ) (-1024 -5120 -96 ) (-1024 -5120 32 ) 
4 69 129 (-2048 -5120 160 ) (-2048 -5120 32 ) (-1966 -5120 32 ) (-1966 -5120 160 ) 
4 69 126 (-1966 -5120 32 ) (-1734 -5120 32 ) (-1734 -5120 160 ) (-1966 -5120 160 ) 
4 69 122 (-1734 -5120 32 ) (-1726 -5120 32 ) (-1726 -5120 160 ) (-1734 -5120 160 ) 
4 69 102 (-1726 -5120 32 ) (-1024 -5120 32 ) (-1024 -5120 160 ) (-1726 -5120 160 ) 
4 69 90 (-2048 -5120 256 ) (-2048 -5120 160 ) (-1024 -5120 160 ) (-1024 -5120 256 ) 
4 70 103 (-1024 -5168 64 ) (-1024 -5168 128 ) (-1024 -5160 128 ) (-1024 -5160 64 ) 
4 70 72 (-990 -5168 64 ) (-990 -5168 128 ) (-1024 -5168 128 ) (-1024 -5168 64 ) 
4 71 80 (-798 -5232 78 ) (-798 -5232 64 ) (-766 -5232 64 ) (-766 -5232 78 ) 
4 71 79 (-798 -5232 82 ) (-798 -5232 78 ) (-766 -5232 78 ) (-766 -5232 82 ) 
4 71 77 (-798 -5232 128 ) (-798 -5232 82 ) (-766 -5232 82 ) (-766 -5232 128 ) 
4 71 72 (-798 -5200 64 ) (-798 -5232 64 ) (-798 -5232 128 ) (-798 -5200 128 ) 
4 72 105 (-1024 -5232 32 ) (-1024 -5232 160 ) (-1024 -5168 160 ) (-1024 -5168 32 ) 
4 72 92 (-1024 -5232 160 ) (-1024 -5232 176 ) (-1024 -5168 176 ) (-1024 -5168 160 ) 
4 72 91 (-1024 -5232 176 ) (-1024 -5232 256 ) (-1024 -5168 256 ) (-1024 -5168 176 ) 
4 72 81 (-1024 -5232 64 ) (-1024 -5232 32 ) (-798 -5232 32 ) (-798 -5232 64 ) 
4 72 80 (-1024 -5232 78 ) (-1024 -5232 64 ) (-798 -5232 64 ) (-798 -5232 78 ) 
4 72 79 (-1024 -5232 82 ) (-1024 -5232 78 ) (-798 -5232 78 ) (-798 -5232 82 ) 
4 72 77 (-1024 -5232 128 ) (-1024 -5232 82 ) (-798 -5232 82 ) (-798 -5232 128 ) 
4 72 76 (-1024 -5232 160 ) (-1024 -5232 128 ) (-798 -5232 128 ) (-798 -5232 160 ) 
4 72 75 (-1024 -5232 224 ) (-1024 -5232 160 ) (-798 -5232 160 ) (-798 -5232 224 ) 
4 72 73 (-1024 -5232 256 ) (-1024 -5232 224 ) (-798 -5232 224 ) (-798 -5232 256 ) 
4 73 91 (-1024 -5264 224 ) (-1024 -5264 256 ) (-1024 -5232 256 ) (-1024 -5232 224 ) 
4 73 86 (-798 -5264 256 ) (-1024 -5264 256 ) (-1024 -5264 224 ) (-798 -5264 224 ) 
4 73 75 (-798 -5264 224 ) (-1024 -5264 224 ) (-1024 -5232 224 ) (-798 -5232 224 ) 
4 74 60 (-590 -5264 128 ) (-590 -5264 32 ) (-462 -5264 32 ) (-462 -5264 128 ) 
4 75 92 (-1024 -5264 160 ) (-1024 -5264 176 ) (-1024 -5232 176 ) (-1024 -5232 160 ) 
4 75 91 (-1024 -5264 176 ) (-1024 -5264 224 ) (-1024 -5232 224 ) (-1024 -5232 176 ) 
4 75 86 (-798 -5264 224 ) (-1024 -5264 224 ) (-1024 -5264 160 ) (-798 -5264 160 ) 
4 75 76 (-1024 -5232 160 ) (-798 -5232 160 ) (-798 -5264 160 ) (-1024 -5264 160 ) 
4 76 105 (-1024 -5264 128 ) (-1024 -5264 160 ) (-1024 -5232 160 ) (-1024 -5232 128 ) 
4 76 87 (-1024 -5264 160 ) (-1024 -5264 128 ) (-798 -5264 128 ) (-798 -5264 160 ) 
4 76 77 (-1024 -5232 128 ) (-798 -5232 128 ) (-798 -5264 128 ) (-1024 -5264 128 ) 
4 77 105 (-1024 -5264 82 ) (-1024 -5264 128 ) (-1024 -5232 128 ) (-1024 -5232 82 ) 
4 77 87 (-1024 -5264 128 ) (-1024 -5264 82 ) (-798 -5264 82 ) (-798 -5264 128 ) 
4 77 79 (-1024 -5232 82 ) (-766 -5232 82 ) (-766 -5264 82 ) (-1024 -5264 82 ) 
4 78 60 (-644 -5264 78 ) (-632 -5264 78 ) (-632 -5264 82 ) (-644 -5264 82 ) 
4 79 105 (-1024 -5264 78 ) (-1024 -5264 82 ) (-1024 -5232 82 ) (-1024 -5232 78 ) 
4 79 87 (-1024 -5264 82 ) (-1024 -5264 78 ) (-798 -5264 78 ) (-798 -5264 82 ) 
4 79 80 (-1024 -5232 78 ) (-766 -5232 78 ) (-766 -5264 78 ) (-1024 -5264 78 ) 
4 80 105 (-1024 -5264 64 ) (-1024 -5264 78 ) (-1024 -5232 78 ) (-1024 -5232 64 ) 
4 80 87 (-1024 -5264 78 ) (-1024 -5264 64 ) (-798 -5264 64 ) (-798 -5264 78 ) 
4 80 81 (-1024 -5232 64 ) (-798 -5232 64 ) (-798 -5264 64 ) (-1024 -5264 64 ) 
4 81 105 (-1024 -5264 32 ) (-1024 -5264 64 ) (-1024 -5232 64 ) (-1024 -5232 32 ) 
4 81 87 (-1024 -5264 64 ) (-1024 -5264 32 ) (-798 -5264 32 ) (-798 -5264 64 ) 
4 82 85 (-766 -5296 32 ) (-766 -5424 32 ) (-766 -5424 160 ) (-766 -5296 160 ) 
4 84 87 (-798 -5520 128 ) (-798 -5456 128 ) (-798 -5456 64 ) (-798 -5520 64 ) 
4 85 87 (-798 -5296 32 ) (-798 -5424 32 ) (-798 -5424 160 ) (-798 -5296 160 ) 
4 86 93 (-1024 -5372 160 ) (-1024 -5584 160 ) (-1024 -5584 176 ) (-1024 -5372 176 ) 
4 86 92 (-1024 -5264 176 ) (-1024 -5264 160 ) (-1024 -5372 160 ) (-1024 -5372 176 ) 
4 86 91 (-1024 -5264 256 ) (-1024 -5264 176 ) (-1024 -5584 176 ) (-1024 -5584 256 ) 
4 86 87 (-1024 -5264 160 ) (-798 -5264 160 ) (-798 -5584 160 ) (-1024 -5584 160 ) 
4 87 105 (-1024 -5584 160 ) (-1024 -5264 160 ) (-1024 -5264 32 ) (-1024 -5584 32 ) 
4 88 141 (-1024 -6144 160 ) (-1024 -6144 32 ) (-894 -6144 32 ) (-894 -6144 160 ) 
4 88 114 (-1024 -6144 32 ) (-1024 -6144 160 ) (-1024 -5776 160 ) (-1024 -5776 32 ) 
4 89 90 (-1576 -5120 256 ) (-1368 -5120 256 ) (-1408 -5160 256 ) (-1536 -5160 256 ) 
4 90 134 (-2048 -5120 256 ) (-2048 -5120 160 ) (-2048 -5160 160 ) (-2048 -5160 256 ) 
4 90 129 (-2048 -5160 160 ) (-2048 -5120 160 ) (-1966 -5120 160 ) (-1966 -5160 160 ) 
4 90 126 (-1966 -5120 160 ) (-1734 -5120 160 ) (-1734 -5160 160 ) (-1966 -5160 160 ) 
4 90 122 (-1734 -5120 160 ) (-1726 -5120 160 ) (-1726 -5160 160 ) (-1734 -5160 160 ) 
4 90 102 (-1726 -5120 160 ) (-1024 -5120 160 ) (-1024 -5160 160 ) (-1726 -5160 160 ) 
4 91 93 (-1024 -5372 176 ) (-1024 -5584 176 ) (-1182 -5584 176 ) (-1182 -5372 176 ) 
4 91 92 (-1182 -5168 176 ) (-1024 -5168 176 ) (-1024 -5372 176 ) (-1182 -5372 176 ) 
4 92 105 (-1182 -5168 160 ) (-1024 -5168 160 ) (-1024 -5372 160 ) (-1182 -5372 160 ) 
4 92 93 (-1182 -5372 160 ) (-1024 -5372 160 ) (-1024 -5372 176 ) (-1182 -5372 176 ) 
4 93 105 (-1024 -5372 160 ) (-1024 -5584 160 ) (-1182 -5584 160 ) (-1182 -5372 160 ) 
4 94 108 (-1254 -5372 160 ) (-1254 -5744 160 ) (-1486 -5744 160 ) (-1486 -5372 160 ) 
4 95 112 (-1726 -5168 160 ) (-1494 -5168 160 ) (-1494 -5356 160 ) (-1726 -5356 160 ) 
4 95 96 (-1726 -5356 176 ) (-1726 -5356 160 ) (-1494 -5356 160 ) (-1494 -5356 176 ) 
4 96 118 (-1698 -5848 160 ) (-1726 -5848 160 ) (-1726 -5760 160 ) (-1698 -5760 160 ) 
4 96 117 (-1494 -5760 160 ) (-1494 -5848 160 ) (-1698 -5848 160 ) (-1698 -5760 160 ) 
4 96 113 (-1494 -5356 160 ) (-1494 -5760 160 ) (-1726 -5760 160 ) (-1726 -5356 160 ) 
4 96 97 (-1698 -5848 160 ) (-1494 -5848 160 ) (-1494 -5848 176 ) (-1698 -5848 176 ) 
4 97 143 (-1494 -6144 176 ) (-1698 -6144 176 ) (-1698 -6144 160 ) (-1494 -6144 160 ) 
4 97 121 (-1494 -5856 160 ) (-1494 -6144 160 ) (-1698 -6144 160 ) (-1698 -5856 160 ) 
4 97 117 (-1494 -5848 160 ) (-1494 -5856 160 ) (-1698 -5856 160 ) (-1698 -5848 160 ) 
4 97 98 (-1698 -5856 160 ) (-1698 -6144 160 ) (-1698 -6144 176 ) (-1698 -5856 176 ) 
4 98 143 (-1698 -6144 176 ) (-1726 -6144 176 ) (-1726 -6144 160 ) (-1698 -6144 160 ) 
4 98 121 (-1698 -6144 160 ) (-1726 -6144 160 ) (-1726 -5856 160 ) (-1698 -5856 160 ) 
4 98 99 (-1726 -6144 176 ) (-1726 -5856 176 ) (-1726 -5856 160 ) (-1726 -6144 160 ) 
4 99 143 (-1726 -6144 176 ) (-1734 -6144 176 ) (-1734 -6144 160 ) (-1726 -6144 160 ) 
4 99 125 (-1726 -5856 160 ) (-1726 -6144 160 ) (-1734 -6144 160 ) (-1734 -5856 160 ) 
4 99 101 (-1734 -6144 176 ) (-1734 -5856 176 ) (-1734 -5856 160 ) (-1734 -6144 160 ) 
4 100 127 (-1734 -5328 160 ) (-1734 -5696 160 ) (-1966 -5696 160 ) (-1966 -5328 160 ) 
4 101 143 (-1734 -6144 176 ) (-1846 -6144 176 ) (-1846 -6144 160 ) (-1734 -6144 160 ) 
4 101 128 (-1734 -5856 160 ) (-1734 -6144 160 ) (-1846 -6144 160 ) (-1846 -5856 160 ) 
4 102 130 (-1726 -5160 32 ) (-1726 -5120 32 ) (-1024 -5120 32 ) (-1024 -5160 32 ) 
4 102 122 (-1726 -5120 32 ) (-1726 -5160 32 ) (-1726 -5160 160 ) (-1726 -5120 160 ) 
4 102 104 (-1438 -5160 64 ) (-1438 -5160 128 ) (-1502 -5160 128 ) (-1502 -5160 64 ) 
4 102 103 (-1024 -5160 64 ) (-1024 -5160 128 ) (-1054 -5160 128 ) (-1054 -5160 64 ) 
4 103 105 (-1024 -5168 64 ) (-1024 -5168 128 ) (-1054 -5168 128 ) (-1054 -5168 64 ) 
4 104 112 (-1494 -5168 128 ) (-1502 -5168 128 ) (-1502 -5168 64 ) (-1494 -5168 64 ) 
4 104 109 (-1486 -5168 128 ) (-1494 -5168 128 ) (-1494 -5168 64 ) (-1486 -5168 64 ) 
4 104 107 (-1438 -5168 64 ) (-1438 -5168 128 ) (-1486 -5168 128 ) (-1486 -5168 64 ) 
4 105 106 (-1182 -5168 160 ) (-1182 -5168 32 ) (-1182 -5328 32 ) (-1182 -5328 160 ) 
4 106 107 (-1190 -5168 160 ) (-1190 -5168 32 ) (-1190 -5328 32 ) (-1190 -5328 160 ) 
4 107 109 (-1486 -5168 160 ) (-1486 -5168 32 ) (-1486 -5356 32 ) (-1486 -5356 160 ) 
4 108 111 (-1486 -5588 32 ) (-1486 -5652 32 ) (-1486 -5652 160 ) (-1486 -5588 160 ) 
4 108 110 (-1486 -5412 32 ) (-1486 -5476 32 ) (-1486 -5476 160 ) (-1486 -5412 160 ) 
4 109 112 (-1494 -5168 160 ) (-1494 -5168 32 ) (-1494 -5356 32 ) (-1494 -5356 160 ) 
4 110 113 (-1494 -5412 32 ) (-1494 -5476 32 ) (-1494 -5476 160 ) (-1494 -5412 160 ) 
4 111 113 (-1494 -5588 32 ) (-1494 -5652 32 ) (-1494 -5652 160 ) (-1494 -5588 160 ) 
4 112 113 (-1726 -5356 160 ) (-1726 -5356 32 ) (-1494 -5356 32 ) (-1494 -5356 160 ) 
4 113 124 (-1726 -5592 32 ) (-1726 -5656 32 ) (-1726 -5656 160 ) (-1726 -5592 160 ) 
4 113 123 (-1726 -5416 32 ) (-1726 -5480 32 ) (-1726 -5480 160 ) (-1726 -5416 160 ) 
4 113 118 (-1726 -5760 160 ) (-1726 -5760 32 ) (-1698 -5760 32 ) (-1698 -5760 160 ) 
4 113 117 (-1698 -5760 32 ) (-1494 -5760 32 ) (-1494 -5760 160 ) (-1698 -5760 160 ) 
4 114 144 (-1024 -6144 32 ) (-1024 -6144 160 ) (-1150 -6144 160 ) (-1150 -6144 32 ) 
4 114 115 (-1150 -6096 64 ) (-1150 -6096 128 ) (-1150 -5904 128 ) (-1150 -5904 64 ) 
4 115 119 (-1158 -6096 64 ) (-1158 -6096 128 ) (-1158 -5904 128 ) (-1158 -5904 64 ) 
4 116 119 (-1478 -5856 32 ) (-1158 -5856 32 ) (-1158 -5856 160 ) (-1478 -5856 160 ) 
4 117 121 (-1698 -5856 32 ) (-1494 -5856 32 ) (-1494 -5856 160 ) (-1698 -5856 160 ) 
4 117 118 (-1698 -5760 160 ) (-1698 -5760 32 ) (-1698 -5848 32 ) (-1698 -5848 160 ) 
4 119 145 (-1158 -6144 160 ) (-1478 -6144 160 ) (-1478 -6144 32 ) (-1158 -6144 32 ) 
4 119 120 (-1478 -5952 32 ) (-1478 -6016 32 ) (-1478 -6016 160 ) (-1478 -5952 160 ) 
4 120 121 (-1494 -5952 32 ) (-1494 -6016 32 ) (-1494 -6016 160 ) (-1494 -5952 160 ) 
4 121 146 (-1494 -6144 160 ) (-1726 -6144 160 ) (-1726 -6144 32 ) (-1494 -6144 32 ) 
4 121 125 (-1726 -5856 32 ) (-1726 -6144 32 ) (-1726 -6144 160 ) (-1726 -5856 160 ) 
4 122 130 (-1734 -5160 32 ) (-1734 -5120 32 ) (-1726 -5120 32 ) (-1726 -5160 32 ) 
4 122 126 (-1734 -5120 32 ) (-1734 -5160 32 ) (-1734 -5160 160 ) (-1734 -5120 160 ) 
4 123 127 (-1734 -5416 32 ) (-1734 -5480 32 ) (-1734 -5480 160 ) (-1734 -5416 160 ) 
4 124 127 (-1734 -5592 32 ) (-1734 -5656 32 ) (-1734 -5656 160 ) (-1734 -5592 160 ) 
4 125 146 (-1726 -6144 160 ) (-1734 -6144 160 ) (-1734 -6144 32 ) (-1726 -6144 32 ) 
4 125 128 (-1734 -5856 32 ) (-1734 -6144 32 ) (-1734 -6144 160 ) (-1734 -5856 160 ) 
4 126 130 (-1966 -5160 32 ) (-1966 -5120 32 ) (-1734 -5120 32 ) (-1734 -5160 32 ) 
4 126 129 (-1966 -5120 32 ) (-1966 -5160 32 ) (-1966 -5160 160 ) (-1966 -5120 160 ) 
4 128 146 (-1734 -6144 160 ) (-1846 -6144 160 ) (-1846 -6144 32 ) (-1734 -6144 32 ) 
4 129 134 (-2048 -5160 160 ) (-2048 -5120 160 ) (-2048 -5120 32 ) (-2048 -5160 32 ) 
4 129 130 (-2048 -5160 32 ) (-2048 -5120 32 ) (-1966 -5120 32 ) (-1966 -5160 32 ) 
4 130 134 (-2048 -5160 32 ) (-2048 -5120 32 ) (-2048 -5120 -96 ) (-2048 -5160 -96 ) 
4 131 132 (-2048 -4096 -13312 ) (-2048 -4096 12505 ) (-2373.992432 -4096 12505 ) (-2373.992432 -4096 -13312 ) 
4 133 134 (-2048 -5120 -96 ) (-2048 -5120 256 ) (-2366 -5120 256 ) (-2366 -5120 -96 ) 
4 135 137 (4096 -7168 -2304 ) (4096 -7168 4864 ) (3072 -7168 4864 ) (3072 -7168 -2304 ) 
4 135 136 (3072 -6144 4864 ) (3072 -6144 -2304 ) (3072 -7168 -2304 ) (3072 -7168 4864 ) 
4 136 138 (3072 -7168 -2304 ) (3072 -7168 4864 ) (2816 -7168 4864 ) (2816 -7168 -2304 ) 
4 137 139 (4096 -8192 -2304 ) (4096 -8192 4864 ) (3072 -8192 4864 ) (3072 -8192 -2304 ) 
4 137 138 (3072 -7168 4864 ) (3072 -7168 -2304 ) (3072 -8192 -2304 ) (3072 -8192 4864 ) 
4 138 140 (3072 -8192 -2304 ) (3072 -8192 4864 ) (2816 -8192 4864 ) (2816 -8192 -2304 ) 
4 139 140 (3072 -8192 4864 ) (3072 -8192 -2304 ) (3072 -9216 -2304 ) (3072 -9216 4864 ) 
4 141 144 (-1024 -6144 160 ) (-1024 -6144 32 ) (-1024 -6224 32 ) (-1024 -6224 160 ) 
4 143 147 (-1719 -6240 160 ) (-1589 -6240 160 ) (-1589 -6240 172 ) (-1719 -6240 172 ) 
4 143 146 (-1494 -6240 160 ) (-1846 -6240 160 ) (-1846 -6144 160 ) (-1494 -6144 160 ) 
4 146 147 (-1719 -6240 32 ) (-1589 -6240 32 ) (-1589 -6240 160 ) (-1719 -6240 160 ) 
4 147 148 (-1589 -6256 172 ) (-1719 -6256 172 ) (-1719 -6256 34 ) (-1589 -6256 34 ) 
4 148 149 (-1734 -6480 34 ) (-1574 -6480 34 ) (-1574 -6480 194 ) (-1734 -6480 194 ) 
4 149 142 (-1862 -6480 34 ) (-1862 -6608 34 ) (-1862 -6608 194 ) (-1862 -6480 194 ) 
