PRT1
346
1014
4 0 30 (15360 -9216 -6352 ) (15360 -9216 2048 ) (15360 -9088 2048 ) (15360 -9088 -6352 ) 
4 0 26 (15360 -9088 2048 ) (15360 -8832 2048 ) (15360 -8832 -6352 ) (15360 -9088 -6352 ) 
4 0 24 (15360 -9216 2048 ) (15360 -9216 2496 ) (15360 -9088 2496 ) (15360 -9088 2048 ) 
4 0 22 (15360 -9088 2496 ) (15360 -8832 2496 ) (15360 -8832 2048 ) (15360 -9088 2048 ) 
4 0 21 (15360 -9216 2496 ) (15360 -9216 2656 ) (15360 -8832 2656 ) (15360 -8832 2496 ) 
4 0 14 (15360 -8576 -624 ) (15360 -8576 -6352 ) (15360 -8832 -6352 ) (15360 -8832 -624 ) 
4 0 13 (15360 -8576 -592 ) (15360 -8576 -624 ) (15360 -8832 -624 ) (15360 -8832 -592 ) 
4 0 12 (15360 -8800 -592 ) (15360 -8832 -592 ) (15360 -8832 -400 ) (15360 -8800 -400 ) 
4 0 10 (15360 -8608 -592 ) (15360 -8800 -592 ) (15360 -8800 -400 ) (15360 -8608 -400 ) 
4 0 9 (15360 -8576 -400 ) (15360 -8576 -592 ) (15360 -8608 -592 ) (15360 -8608 -400 ) 
4 0 7 (15360 -8576 -368 ) (15360 -8576 -400 ) (15360 -8832 -400 ) (15360 -8832 -368 ) 
4 0 6 (15360 -8832 2656 ) (15360 -8576 2656 ) (15360 -8576 -368 ) (15360 -8832 -368 ) 
4 0 5 (15360 -8192 -624 ) (15360 -8192 -6352 ) (15360 -8576 -6352 ) (15360 -8576 -624 ) 
4 0 2 (15360 -8576 2656 ) (15360 -8192 2656 ) (15360 -8192 -624 ) (15360 -8576 -624 ) 
4 0 1 (15616 -9216 2656 ) (15360 -9216 2656 ) (15360 -9216 -6352 ) (15616 -9216 -6352 ) 
4 1 100 (15616 -10240 2656 ) (15360 -10240 2656 ) (15360 -10240 -6352 ) (15616 -10240 -6352 ) 
4 1 75 (15360 -10240 -6352 ) (15360 -10240 -3776 ) (15360 -9216 -3776 ) (15360 -9216 -6352 ) 
4 1 57 (15360 -10240 -3776 ) (15360 -10240 2048 ) (15360 -9216 2048 ) (15360 -9216 -3776 ) 
4 1 55 (15360 -10240 2048 ) (15360 -10240 2496 ) (15360 -9216 2496 ) (15360 -9216 2048 ) 
4 1 54 (15360 -10240 2496 ) (15360 -10240 2656 ) (15360 -9216 2656 ) (15360 -9216 2496 ) 
4 2 16 (14528 -8576 -496 ) (14528 -8576 -400 ) (14496 -8576 -400 ) (14496 -8576 -496 ) 
4 2 15 (14528 -8576 -624 ) (14720 -8576 -624 ) (14720 -8576 -400 ) (14528 -8576 -400 ) 
4 2 13 (14976 -8576 -624 ) (15360 -8576 -624 ) (15360 -8576 -592 ) (14976 -8576 -592 ) 
4 2 9 (15360 -8576 -592 ) (15360 -8576 -400 ) (14976 -8576 -400 ) (14976 -8576 -592 ) 
4 2 7 (15360 -8576 -400 ) (15360 -8576 -368 ) (14976 -8576 -368 ) (14976 -8576 -400 ) 
4 2 8 (14720 -8576 -368 ) (14496 -8576 -368 ) (14496 -8576 -400 ) (14720 -8576 -400 ) 
4 2 6 (15360 -8576 -368 ) (15360 -8576 2656 ) (14496 -8576 2656 ) (14496 -8576 -368 ) 
4 2 5 (15360 -8576 -624 ) (14496 -8576 -624 ) (14496 -8192 -624 ) (15360 -8192 -624 ) 
4 2 4 (14496 -8576 -496 ) (14496 -8576 2656 ) (14496 -8544 2656 ) (14496 -8544 -496 ) 
4 2 3 (14496 -8192 -624 ) (14496 -8544 -624 ) (14496 -8544 2656 ) (14496 -8192 2656 ) 
4 3 44 (14336 -8192 -496 ) (14336 -8192 -624 ) (14336 -8544 -624 ) (14336 -8544 -496 ) 
4 3 32 (14336 -8544 2656 ) (14336 -8192 2656 ) (14336 -8192 -496 ) (14336 -8544 -496 ) 
4 3 5 (14336 -8544 -624 ) (14336 -8192 -624 ) (14496 -8192 -624 ) (14496 -8544 -624 ) 
4 3 4 (14496 -8544 -496 ) (14496 -8544 2656 ) (14336 -8544 2656 ) (14336 -8544 -496 ) 
4 4 32 (14336 -8576 -496 ) (14336 -8576 2656 ) (14336 -8544 2656 ) (14336 -8544 -496 ) 
4 4 17 (14336 -8576 -400 ) (14336 -8576 -464 ) (14496 -8576 -464 ) (14496 -8576 -400 ) 
4 4 8 (14336 -8576 -368 ) (14336 -8576 -400 ) (14496 -8576 -400 ) (14496 -8576 -368 ) 
4 4 6 (14336 -8576 2656 ) (14336 -8576 -368 ) (14496 -8576 -368 ) (14496 -8576 2656 ) 
4 5 50 (14336 -8576 -6352 ) (14336 -8576 -624 ) (14336 -8192 -624 ) (14336 -8192 -6352 ) 
4 5 20 (14336 -8576 -656 ) (14336 -8576 -6352 ) (14720 -8576 -6352 ) (14720 -8576 -656 ) 
4 5 19 (14496 -8576 -656 ) (14720 -8576 -656 ) (14720 -8576 -624 ) (14496 -8576 -624 ) 
4 5 14 (14720 -8576 -6352 ) (15360 -8576 -6352 ) (15360 -8576 -624 ) (14720 -8576 -624 ) 
4 6 33 (14336 -8832 -368 ) (14336 -8832 2656 ) (14336 -8576 2656 ) (14336 -8576 -368 ) 
4 6 27 (14496 -8832 2048 ) (14336 -8832 2048 ) (14336 -8832 -368 ) (14496 -8832 -368 ) 
4 6 26 (15360 -8832 -368 ) (15360 -8832 2048 ) (14496 -8832 2048 ) (14496 -8832 -368 ) 
4 6 23 (14880 -8832 2496 ) (14336 -8832 2496 ) (14336 -8832 2048 ) (14880 -8832 2048 ) 
4 6 22 (15360 -8832 2048 ) (15360 -8832 2496 ) (14880 -8832 2496 ) (14880 -8832 2048 ) 
4 6 21 (15360 -8832 2496 ) (15360 -8832 2656 ) (14336 -8832 2656 ) (14336 -8832 2496 ) 
4 6 7 (15360 -8832 -368 ) (14976 -8832 -368 ) (14976 -8576 -368 ) (15360 -8576 -368 ) 
4 6 8 (14720 -8832 -368 ) (14336 -8832 -368 ) (14336 -8576 -368 ) (14720 -8576 -368 ) 
4 7 26 (15360 -8832 -400 ) (15360 -8832 -368 ) (14976 -8832 -368 ) (14976 -8832 -400 ) 
4 7 12 (15360 -8832 -400 ) (14976 -8832 -400 ) (14976 -8800 -400 ) (15360 -8800 -400 ) 
4 7 10 (14976 -8800 -400 ) (14976 -8608 -400 ) (15360 -8608 -400 ) (15360 -8800 -400 ) 
4 7 9 (14976 -8608 -400 ) (14976 -8576 -400 ) (15360 -8576 -400 ) (15360 -8608 -400 ) 
4 8 33 (14336 -8832 -400 ) (14336 -8832 -368 ) (14336 -8576 -368 ) (14336 -8576 -400 ) 
4 8 27 (14496 -8832 -368 ) (14336 -8832 -368 ) (14336 -8832 -400 ) (14496 -8832 -400 ) 
4 8 26 (14720 -8832 -368 ) (14496 -8832 -368 ) (14496 -8832 -400 ) (14720 -8832 -400 ) 
4 8 17 (14496 -8832 -400 ) (14336 -8832 -400 ) (14336 -8576 -400 ) (14496 -8576 -400 ) 
4 8 16 (14528 -8832 -400 ) (14496 -8832 -400 ) (14496 -8576 -400 ) (14528 -8576 -400 ) 
4 8 15 (14720 -8832 -400 ) (14528 -8832 -400 ) (14528 -8576 -400 ) (14720 -8576 -400 ) 
4 9 13 (14976 -8576 -592 ) (15360 -8576 -592 ) (15360 -8608 -592 ) (14976 -8608 -592 ) 
4 9 10 (14976 -8608 -592 ) (15360 -8608 -592 ) (15360 -8608 -400 ) (14976 -8608 -400 ) 
4 10 13 (14976 -8608 -592 ) (15360 -8608 -592 ) (15360 -8800 -592 ) (14976 -8800 -592 ) 
4 10 12 (14976 -8800 -592 ) (15360 -8800 -592 ) (15360 -8800 -400 ) (14976 -8800 -400 ) 
4 12 26 (15360 -8832 -592 ) (15360 -8832 -400 ) (14976 -8832 -400 ) (14976 -8832 -592 ) 
4 12 13 (15360 -8832 -592 ) (14976 -8832 -592 ) (14976 -8800 -592 ) (15360 -8800 -592 ) 
4 13 26 (15360 -8832 -624 ) (15360 -8832 -592 ) (14976 -8832 -592 ) (14976 -8832 -624 ) 
4 13 14 (15360 -8832 -624 ) (14976 -8832 -624 ) (14976 -8576 -624 ) (15360 -8576 -624 ) 
4 14 26 (15360 -8832 -6352 ) (15360 -8832 -624 ) (14720 -8832 -624 ) (14720 -8832 -6352 ) 
4 14 20 (14720 -8832 -6352 ) (14720 -8832 -656 ) (14720 -8576 -656 ) (14720 -8576 -6352 ) 
4 14 19 (14720 -8832 -656 ) (14720 -8832 -624 ) (14720 -8576 -624 ) (14720 -8576 -656 ) 
4 15 26 (14720 -8832 -624 ) (14720 -8832 -400 ) (14528 -8832 -400 ) (14528 -8832 -624 ) 
4 15 19 (14528 -8576 -624 ) (14720 -8576 -624 ) (14720 -8832 -624 ) (14528 -8832 -624 ) 
4 15 16 (14528 -8832 -496 ) (14528 -8832 -400 ) (14528 -8576 -400 ) (14528 -8576 -496 ) 
4 16 26 (14528 -8832 -400 ) (14496 -8832 -400 ) (14496 -8832 -496 ) (14528 -8832 -496 ) 
4 16 17 (14496 -8832 -464 ) (14496 -8832 -400 ) (14496 -8576 -400 ) (14496 -8576 -464 ) 
4 17 33 (14336 -8832 -464 ) (14336 -8832 -400 ) (14336 -8576 -400 ) (14336 -8576 -464 ) 
4 17 27 (14496 -8832 -400 ) (14336 -8832 -400 ) (14336 -8832 -464 ) (14496 -8832 -464 ) 
4 18 46 (14336 -8832 -624 ) (14336 -8832 -496 ) (14336 -8576 -496 ) (14336 -8576 -624 ) 
4 19 26 (14720 -8832 -656 ) (14720 -8832 -624 ) (14496 -8832 -624 ) (14496 -8832 -656 ) 
4 19 20 (14496 -8576 -656 ) (14720 -8576 -656 ) (14720 -8832 -656 ) (14496 -8832 -656 ) 
4 20 51 (14336 -8832 -6352 ) (14336 -8832 -656 ) (14336 -8576 -656 ) (14336 -8576 -6352 ) 
4 20 28 (14496 -8832 -656 ) (14336 -8832 -656 ) (14336 -8832 -6352 ) (14496 -8832 -6352 ) 
4 20 26 (14720 -8832 -6352 ) (14720 -8832 -656 ) (14496 -8832 -656 ) (14496 -8832 -6352 ) 
4 21 54 (15360 -9216 2496 ) (15360 -9216 2656 ) (14336 -9216 2656 ) (14336 -9216 2496 ) 
4 21 39 (14336 -9216 2496 ) (14336 -9216 2656 ) (14336 -9088 2656 ) (14336 -9088 2496 ) 
4 21 36 (14336 -9088 2656 ) (14336 -9024 2656 ) (14336 -9024 2496 ) (14336 -9088 2496 ) 
4 21 34 (14336 -9024 2656 ) (14336 -8832 2656 ) (14336 -8832 2496 ) (14336 -9024 2496 ) 
4 21 24 (15360 -9216 2496 ) (14880 -9216 2496 ) (14880 -9088 2496 ) (15360 -9088 2496 ) 
4 21 23 (14336 -9024 2496 ) (14336 -8832 2496 ) (14880 -8832 2496 ) (14880 -9024 2496 ) 
4 21 22 (14880 -8832 2496 ) (15360 -8832 2496 ) (15360 -9088 2496 ) (14880 -9088 2496 ) 
4 22 26 (14880 -8832 2048 ) (15360 -8832 2048 ) (15360 -9088 2048 ) (14880 -9088 2048 ) 
4 22 24 (14880 -9088 2048 ) (15360 -9088 2048 ) (15360 -9088 2496 ) (14880 -9088 2496 ) 
4 22 23 (14880 -8832 2048 ) (14880 -9024 2048 ) (14880 -9024 2496 ) (14880 -8832 2496 ) 
4 23 34 (14336 -9024 2496 ) (14336 -8832 2496 ) (14336 -8832 2048 ) (14336 -9024 2048 ) 
4 23 27 (14336 -8864 2048 ) (14336 -8832 2048 ) (14496 -8832 2048 ) (14496 -8864 2048 ) 
4 23 29 (14336 -9024 2048 ) (14336 -8864 2048 ) (14496 -8864 2048 ) (14496 -9024 2048 ) 
4 23 26 (14496 -8832 2048 ) (14880 -8832 2048 ) (14880 -9024 2048 ) (14496 -9024 2048 ) 
4 24 55 (15360 -9216 2048 ) (15360 -9216 2496 ) (14880 -9216 2496 ) (14880 -9216 2048 ) 
4 24 30 (14880 -9088 2048 ) (15360 -9088 2048 ) (15360 -9216 2048 ) (14880 -9216 2048 ) 
4 25 56 (14336 -9216 2432 ) (14336 -9216 2048 ) (14848 -9216 2048 ) (14848 -9216 2432 ) 
4 25 40 (14336 -9216 2048 ) (14336 -9216 2432 ) (14336 -9088 2432 ) (14336 -9088 2048 ) 
4 26 31 (14496 -9088 -6352 ) (14880 -9088 -6352 ) (14880 -9088 1088 ) (14496 -9088 1088 ) 
4 26 30 (14880 -9088 -6352 ) (15360 -9088 -6352 ) (15360 -9088 2048 ) (14880 -9088 2048 ) 
4 26 27 (14496 -8864 -496 ) (14496 -8864 2048 ) (14496 -8832 2048 ) (14496 -8832 -496 ) 
4 26 28 (14496 -8832 -6352 ) (14496 -8864 -6352 ) (14496 -8864 -624 ) (14496 -8832 -624 ) 
4 26 29 (14496 -8864 -6352 ) (14496 -9088 -6352 ) (14496 -9088 2048 ) (14496 -8864 2048 ) 
4 27 34 (14336 -8864 2048 ) (14336 -8832 2048 ) (14336 -8832 -496 ) (14336 -8864 -496 ) 
4 27 29 (14496 -8864 -496 ) (14496 -8864 2048 ) (14336 -8864 2048 ) (14336 -8864 -496 ) 
4 28 52 (14336 -8832 -624 ) (14336 -8832 -6352 ) (14336 -8864 -6352 ) (14336 -8864 -624 ) 
4 28 29 (14336 -8864 -6352 ) (14496 -8864 -6352 ) (14496 -8864 -624 ) (14336 -8864 -624 ) 
4 29 52 (14336 -8864 -624 ) (14336 -8864 -6352 ) (14336 -9088 -6352 ) (14336 -9088 -624 ) 
4 29 47 (14336 -8864 -496 ) (14336 -8864 -624 ) (14336 -9088 -624 ) (14336 -9088 -496 ) 
4 29 37 (14336 -9088 2048 ) (14336 -9024 2048 ) (14336 -9024 -496 ) (14336 -9088 -496 ) 
4 29 34 (14336 -9024 2048 ) (14336 -8864 2048 ) (14336 -8864 -496 ) (14336 -9024 -496 ) 
4 29 31 (14336 -9088 -6352 ) (14496 -9088 -6352 ) (14496 -9088 1088 ) (14336 -9088 1088 ) 
4 30 75 (15360 -9216 -6352 ) (15360 -9216 -3776 ) (14880 -9216 -3776 ) (14880 -9216 -6352 ) 
4 30 57 (15360 -9216 -3776 ) (15360 -9216 2048 ) (14880 -9216 2048 ) (14880 -9216 -3776 ) 
4 30 31 (14880 -9088 1088 ) (14880 -9088 -6352 ) (14880 -9216 -6352 ) (14880 -9216 1088 ) 
4 31 76 (14336 -9216 -3776 ) (14336 -9216 -6352 ) (14688 -9216 -6352 ) (14688 -9216 -3776 ) 
4 31 75 (14688 -9216 -6352 ) (14880 -9216 -6352 ) (14880 -9216 -3776 ) (14688 -9216 -3776 ) 
4 31 73 (14336 -9216 -896 ) (14336 -9216 -3776 ) (14624 -9216 -3776 ) (14624 -9216 -896 ) 
4 31 71 (14624 -9216 -3776 ) (14688 -9216 -3776 ) (14688 -9216 -896 ) (14624 -9216 -896 ) 
4 31 70 (14688 -9216 -3776 ) (14880 -9216 -3776 ) (14880 -9216 -896 ) (14688 -9216 -896 ) 
4 31 66 (14336 -9216 1088 ) (14336 -9216 -896 ) (14640 -9216 -896 ) (14640 -9216 1088 ) 
4 31 65 (14640 -9216 -896 ) (14688 -9216 -896 ) (14688 -9216 0 ) (14640 -9216 0 ) 
4 31 64 (14688 -9216 0 ) (14688 -9216 192 ) (14640 -9216 192 ) (14640 -9216 0 ) 
4 31 63 (14688 -9216 192 ) (14688 -9216 1088 ) (14640 -9216 1088 ) (14640 -9216 192 ) 
4 31 61 (14688 -9216 -896 ) (14880 -9216 -896 ) (14880 -9216 1088 ) (14688 -9216 1088 ) 
4 31 52 (14336 -9216 -6352 ) (14336 -9216 -624 ) (14336 -9088 -624 ) (14336 -9088 -6352 ) 
4 31 47 (14336 -9216 -624 ) (14336 -9216 -496 ) (14336 -9088 -496 ) (14336 -9088 -624 ) 
4 31 42 (14336 -9216 -496 ) (14336 -9216 1088 ) (14336 -9088 1088 ) (14336 -9088 -496 ) 
4 32 44 (14080 -8192 -496 ) (14336 -8192 -496 ) (14336 -8544 -496 ) (14080 -8544 -496 ) 
4 32 33 (14080 -8576 2656 ) (14080 -8576 -464 ) (14336 -8576 -464 ) (14336 -8576 2656 ) 
4 32 35 (14080 -8192 -496 ) (14080 -8576 -496 ) (14080 -8576 2656 ) (14080 -8192 2656 ) 
4 33 35 (14080 -8832 -464 ) (14080 -8832 2656 ) (14080 -8576 2656 ) (14080 -8576 -464 ) 
4 33 34 (14080 -8832 2656 ) (14080 -8832 -464 ) (14336 -8832 -464 ) (14336 -8832 2656 ) 
4 34 47 (14336 -8864 -496 ) (14336 -9024 -496 ) (14080 -9024 -496 ) (14080 -8864 -496 ) 
4 34 36 (14336 -9024 2496 ) (14336 -9024 2656 ) (14080 -9024 2656 ) (14080 -9024 2496 ) 
4 34 37 (14080 -9024 -496 ) (14336 -9024 -496 ) (14336 -9024 2048 ) (14080 -9024 2048 ) 
4 34 35 (14080 -8832 -496 ) (14080 -9024 -496 ) (14080 -9024 2656 ) (14080 -8832 2656 ) 
4 35 227 (13312 -8192 2656 ) (13312 -8192 -496 ) (13312 -9024 -496 ) (13312 -9024 2656 ) 
4 35 48 (14080 -8832 -496 ) (14080 -9024 -496 ) (14048 -9024 -496 ) (14048 -8832 -496 ) 
4 35 49 (14048 -9024 -496 ) (13312 -9024 -496 ) (13312 -8576 -496 ) (14048 -8576 -496 ) 
4 35 44 (14048 -8192 -496 ) (14080 -8192 -496 ) (14080 -8544 -496 ) (14048 -8544 -496 ) 
4 35 45 (13312 -8192 -496 ) (14048 -8192 -496 ) (14048 -8576 -496 ) (13312 -8576 -496 ) 
4 35 36 (14080 -9024 2496 ) (14080 -9024 2656 ) (13792 -9024 2656 ) (13792 -9024 2496 ) 
4 35 37 (13792 -9024 -496 ) (14080 -9024 -496 ) (14080 -9024 2048 ) (13792 -9024 2048 ) 
4 35 38 (13312 -9024 -496 ) (13792 -9024 -496 ) (13792 -9024 2656 ) (13312 -9024 2656 ) 
4 36 39 (14336 -9088 2496 ) (14336 -9088 2656 ) (13792 -9088 2656 ) (13792 -9088 2496 ) 
4 36 38 (13792 -9024 2656 ) (13792 -9024 2496 ) (13792 -9088 2496 ) (13792 -9088 2656 ) 
4 37 48 (14080 -9088 -496 ) (14048 -9088 -496 ) (14048 -9024 -496 ) (14080 -9024 -496 ) 
4 37 49 (14048 -9088 -496 ) (13792 -9088 -496 ) (13792 -9024 -496 ) (14048 -9024 -496 ) 
4 37 47 (14336 -9024 -496 ) (14336 -9088 -496 ) (14080 -9088 -496 ) (14080 -9024 -496 ) 
4 37 42 (13792 -9088 -496 ) (14336 -9088 -496 ) (14336 -9088 1088 ) (13792 -9088 1088 ) 
4 37 38 (13792 -9024 2048 ) (13792 -9024 -496 ) (13792 -9088 -496 ) (13792 -9088 2048 ) 
4 38 227 (13312 -9024 -496 ) (13312 -9088 -496 ) (13312 -9088 2656 ) (13312 -9024 2656 ) 
4 38 49 (13792 -9088 -496 ) (13312 -9088 -496 ) (13312 -9024 -496 ) (13792 -9024 -496 ) 
4 38 43 (13312 -9088 2048 ) (13312 -9088 -496 ) (13792 -9088 -496 ) (13792 -9088 2048 ) 
4 38 41 (13312 -9088 2496 ) (13312 -9088 2048 ) (13792 -9088 2048 ) (13792 -9088 2496 ) 
4 38 39 (13312 -9088 2656 ) (13312 -9088 2496 ) (13792 -9088 2496 ) (13792 -9088 2656 ) 
4 39 227 (13312 -9216 2496 ) (13312 -9216 2656 ) (13312 -9088 2656 ) (13312 -9088 2496 ) 
4 39 78 (14336 -9216 2496 ) (14336 -9216 2656 ) (13312 -9216 2656 ) (13312 -9216 2496 ) 
4 39 41 (13792 -9216 2496 ) (13312 -9216 2496 ) (13312 -9088 2496 ) (13792 -9088 2496 ) 
4 40 79 (14336 -9216 2048 ) (14336 -9216 2432 ) (13824 -9216 2432 ) (13824 -9216 2048 ) 
4 41 227 (13312 -9216 2048 ) (13312 -9216 2496 ) (13312 -9088 2496 ) (13312 -9088 2048 ) 
4 41 80 (13792 -9216 2496 ) (13312 -9216 2496 ) (13312 -9216 2048 ) (13792 -9216 2048 ) 
4 41 43 (13312 -9088 2048 ) (13792 -9088 2048 ) (13792 -9216 2048 ) (13312 -9216 2048 ) 
4 42 84 (14336 -9216 -496 ) (14336 -9216 1088 ) (13984 -9216 1088 ) (13984 -9216 -496 ) 
4 42 85 (13984 -9216 1088 ) (13792 -9216 1088 ) (13792 -9216 -496 ) (13984 -9216 -496 ) 
4 42 48 (14080 -9216 -496 ) (14048 -9216 -496 ) (14048 -9088 -496 ) (14080 -9088 -496 ) 
4 42 49 (14048 -9216 -496 ) (13792 -9216 -496 ) (13792 -9088 -496 ) (14048 -9088 -496 ) 
4 42 47 (14336 -9088 -496 ) (14336 -9216 -496 ) (14080 -9216 -496 ) (14080 -9088 -496 ) 
4 42 43 (13792 -9088 1088 ) (13792 -9088 -496 ) (13792 -9216 -496 ) (13792 -9216 1088 ) 
4 43 227 (13312 -9216 -496 ) (13312 -9216 2048 ) (13312 -9088 2048 ) (13312 -9088 -496 ) 
4 43 96 (13792 -9216 2048 ) (13312 -9216 2048 ) (13312 -9216 -496 ) (13792 -9216 -496 ) 
4 43 49 (13792 -9216 -496 ) (13312 -9216 -496 ) (13312 -9088 -496 ) (13792 -9088 -496 ) 
4 44 50 (14080 -8192 -624 ) (14336 -8192 -624 ) (14336 -8544 -624 ) (14080 -8544 -624 ) 
4 44 53 (14048 -8192 -624 ) (14080 -8192 -624 ) (14080 -8544 -624 ) (14048 -8544 -624 ) 
4 44 45 (14048 -8192 -624 ) (14048 -8544 -624 ) (14048 -8544 -496 ) (14048 -8192 -496 ) 
4 45 227 (13312 -8576 -496 ) (13312 -8192 -496 ) (13312 -8192 -624 ) (13312 -8576 -624 ) 
4 45 53 (13312 -8576 -624 ) (13312 -8192 -624 ) (14048 -8192 -624 ) (14048 -8576 -624 ) 
4 45 49 (13312 -8576 -624 ) (14048 -8576 -624 ) (14048 -8576 -496 ) (13312 -8576 -496 ) 
4 47 84 (14336 -9216 -624 ) (14336 -9216 -496 ) (14080 -9216 -496 ) (14080 -9216 -624 ) 
4 47 52 (14336 -9216 -624 ) (14080 -9216 -624 ) (14080 -8864 -624 ) (14336 -8864 -624 ) 
4 47 48 (14080 -8864 -624 ) (14080 -9216 -624 ) (14080 -9216 -496 ) (14080 -8864 -496 ) 
4 48 84 (14080 -9216 -496 ) (14048 -9216 -496 ) (14048 -9216 -624 ) (14080 -9216 -624 ) 
4 48 53 (14080 -9216 -624 ) (14048 -9216 -624 ) (14048 -8832 -624 ) (14080 -8832 -624 ) 
4 48 49 (14048 -8832 -624 ) (14048 -9216 -624 ) (14048 -9216 -496 ) (14048 -8832 -496 ) 
4 49 227 (13312 -9216 -624 ) (13312 -9216 -496 ) (13312 -8576 -496 ) (13312 -8576 -624 ) 
4 49 84 (14048 -9216 -496 ) (13984 -9216 -496 ) (13984 -9216 -624 ) (14048 -9216 -624 ) 
4 49 85 (13984 -9216 -496 ) (13792 -9216 -496 ) (13792 -9216 -624 ) (13984 -9216 -624 ) 
4 49 96 (13792 -9216 -496 ) (13312 -9216 -496 ) (13312 -9216 -624 ) (13792 -9216 -624 ) 
4 49 53 (14048 -9216 -624 ) (13312 -9216 -624 ) (13312 -8576 -624 ) (14048 -8576 -624 ) 
4 50 51 (14080 -8576 -656 ) (14080 -8576 -6352 ) (14336 -8576 -6352 ) (14336 -8576 -656 ) 
4 50 53 (14080 -8192 -6352 ) (14080 -8576 -6352 ) (14080 -8576 -624 ) (14080 -8192 -624 ) 
4 51 53 (14080 -8576 -6352 ) (14080 -8832 -6352 ) (14080 -8832 -656 ) (14080 -8576 -656 ) 
4 51 52 (14080 -8832 -656 ) (14080 -8832 -6352 ) (14336 -8832 -6352 ) (14336 -8832 -656 ) 
4 52 97 (14336 -9216 -6352 ) (14336 -9216 -3776 ) (14080 -9216 -3776 ) (14080 -9216 -6352 ) 
4 52 91 (14336 -9216 -3776 ) (14336 -9216 -896 ) (14080 -9216 -896 ) (14080 -9216 -3776 ) 
4 52 84 (14336 -9216 -896 ) (14336 -9216 -624 ) (14080 -9216 -624 ) (14080 -9216 -896 ) 
4 52 53 (14080 -8832 -6352 ) (14080 -9216 -6352 ) (14080 -9216 -624 ) (14080 -8832 -624 ) 
4 53 227 (13312 -9216 -6352 ) (13312 -9216 -624 ) (13312 -8192 -624 ) (13312 -8192 -6352 ) 
4 53 97 (13984 -9216 -6352 ) (14080 -9216 -6352 ) (14080 -9216 -3776 ) (13984 -9216 -3776 ) 
4 53 99 (13312 -9216 -3776 ) (13312 -9216 -6352 ) (13984 -9216 -6352 ) (13984 -9216 -3776 ) 
4 53 93 (13984 -9216 -3776 ) (14048 -9216 -3776 ) (14048 -9216 -896 ) (13984 -9216 -896 ) 
4 53 94 (13792 -9216 -896 ) (13792 -9216 -3776 ) (13984 -9216 -3776 ) (13984 -9216 -896 ) 
4 53 91 (14048 -9216 -3776 ) (14080 -9216 -3776 ) (14080 -9216 -896 ) (14048 -9216 -896 ) 
4 53 84 (14080 -9216 -624 ) (13984 -9216 -624 ) (13984 -9216 -896 ) (14080 -9216 -896 ) 
4 53 85 (13984 -9216 -624 ) (13792 -9216 -624 ) (13792 -9216 -896 ) (13984 -9216 -896 ) 
4 53 96 (13792 -9216 -624 ) (13312 -9216 -624 ) (13312 -9216 -3776 ) (13792 -9216 -3776 ) 
4 54 175 (14608 -10240 2656 ) (14336 -10240 2656 ) (14336 -10240 2496 ) (14608 -10240 2496 ) 
4 54 164 (14624 -10240 2656 ) (14608 -10240 2656 ) (14608 -10240 2496 ) (14624 -10240 2496 ) 
4 54 102 (15360 -10240 2496 ) (15360 -10240 2656 ) (14624 -10240 2656 ) (14624 -10240 2496 ) 
4 54 78 (14336 -9216 2656 ) (14336 -9216 2496 ) (14336 -10240 2496 ) (14336 -10240 2656 ) 
4 54 55 (15360 -10240 2496 ) (14880 -10240 2496 ) (14880 -9216 2496 ) (15360 -9216 2496 ) 
4 55 103 (15360 -10240 2048 ) (15360 -10240 2496 ) (14880 -10240 2496 ) (14880 -10240 2048 ) 
4 55 57 (14880 -9216 2048 ) (15360 -9216 2048 ) (15360 -10240 2048 ) (14880 -10240 2048 ) 
4 56 176 (14336 -10240 2432 ) (14336 -10240 2048 ) (14608 -10240 2048 ) (14608 -10240 2432 ) 
4 56 165 (14608 -10240 2048 ) (14624 -10240 2048 ) (14624 -10240 2432 ) (14608 -10240 2432 ) 
4 56 104 (14624 -10240 2048 ) (14848 -10240 2048 ) (14848 -10240 2432 ) (14624 -10240 2432 ) 
4 56 79 (14336 -9216 2432 ) (14336 -9216 2048 ) (14336 -10240 2048 ) (14336 -10240 2432 ) 
4 56 60 (14624 -10240 2048 ) (14336 -10240 2048 ) (14336 -10208 2048 ) (14624 -10208 2048 ) 
4 56 59 (14624 -10208 2048 ) (14336 -10208 2048 ) (14336 -10144 2048 ) (14624 -10144 2048 ) 
4 56 58 (14624 -10144 2048 ) (14336 -10144 2048 ) (14336 -9568 2048 ) (14624 -9568 2048 ) 
4 57 157 (15360 -10240 -3776 ) (15360 -10240 0 ) (14880 -10240 0 ) (14880 -10240 -3776 ) 
4 57 148 (15360 -10240 0 ) (15360 -10240 30 ) (14880 -10240 30 ) (14880 -10240 0 ) 
4 57 112 (14946 -10240 192 ) (14880 -10240 192 ) (14880 -10240 30 ) (14946 -10240 30 ) 
4 57 109 (15101 -10240 192 ) (14976 -10240 192 ) (14976 -10240 30 ) (15101 -10240 30 ) 
4 57 108 (15360 -10240 30 ) (15360 -10240 192 ) (15101 -10240 192 ) (15101 -10240 30 ) 
4 57 111 (14976 -10240 192 ) (14946 -10240 192 ) (14946 -10240 30 ) (14976 -10240 30 ) 
4 57 106 (15360 -10240 192 ) (15360 -10240 1088 ) (14880 -10240 1088 ) (14880 -10240 192 ) 
4 57 105 (15360 -10240 1088 ) (15360 -10240 2048 ) (14880 -10240 2048 ) (14880 -10240 1088 ) 
4 57 75 (15360 -10240 -3776 ) (14880 -10240 -3776 ) (14880 -9216 -3776 ) (15360 -9216 -3776 ) 
4 57 72 (14880 -10208 -3776 ) (14880 -10240 -3776 ) (14880 -10240 -896 ) (14880 -10208 -896 ) 
4 57 70 (14880 -9216 -3776 ) (14880 -10144 -3776 ) (14880 -10144 -896 ) (14880 -9216 -896 ) 
4 57 61 (14880 -10144 1088 ) (14880 -9216 1088 ) (14880 -9216 -896 ) (14880 -10144 -896 ) 
4 57 62 (14880 -10240 -896 ) (14880 -10240 1088 ) (14880 -10208 1088 ) (14880 -10208 -896 ) 
4 58 81 (14336 -9568 1088 ) (14336 -10144 1088 ) (14336 -10144 2048 ) (14336 -9568 2048 ) 
4 58 69 (14624 -10144 1088 ) (14336 -10144 1088 ) (14336 -9568 1088 ) (14624 -9568 1088 ) 
4 58 59 (14336 -10144 1088 ) (14624 -10144 1088 ) (14624 -10144 2048 ) (14336 -10144 2048 ) 
4 59 82 (14336 -10144 1088 ) (14336 -10208 1088 ) (14336 -10208 2048 ) (14336 -10144 2048 ) 
4 59 69 (14624 -10208 1088 ) (14336 -10208 1088 ) (14336 -10144 1088 ) (14624 -10144 1088 ) 
4 59 60 (14336 -10208 1088 ) (14624 -10208 1088 ) (14624 -10208 2048 ) (14336 -10208 2048 ) 
4 60 176 (14608 -10240 2048 ) (14336 -10240 2048 ) (14336 -10240 1088 ) (14608 -10240 1088 ) 
4 60 165 (14624 -10240 2048 ) (14608 -10240 2048 ) (14608 -10240 1088 ) (14624 -10240 1088 ) 
4 60 83 (14336 -10208 1088 ) (14336 -10240 1088 ) (14336 -10240 2048 ) (14336 -10208 2048 ) 
4 60 69 (14624 -10240 1088 ) (14336 -10240 1088 ) (14336 -10208 1088 ) (14624 -10208 1088 ) 
4 61 70 (14688 -9216 -896 ) (14880 -9216 -896 ) (14880 -10144 -896 ) (14688 -10144 -896 ) 
4 61 65 (14688 -9216 -896 ) (14688 -9504 -896 ) (14688 -9504 0 ) (14688 -9216 0 ) 
4 61 64 (14688 -9504 192 ) (14688 -9216 192 ) (14688 -9216 0 ) (14688 -9504 0 ) 
4 61 63 (14688 -9504 1088 ) (14688 -9216 1088 ) (14688 -9216 192 ) (14688 -9504 192 ) 
4 62 158 (14688 -10240 -896 ) (14880 -10240 -896 ) (14880 -10240 0 ) (14688 -10240 0 ) 
4 62 148 (14880 -10240 0 ) (14880 -10240 30 ) (14688 -10240 30 ) (14688 -10240 0 ) 
4 62 112 (14880 -10240 30 ) (14880 -10240 192 ) (14746 -10240 192 ) (14746 -10240 30 ) 
4 62 115 (14746 -10240 192 ) (14688 -10240 192 ) (14688 -10240 30 ) (14746 -10240 30 ) 
4 62 106 (14880 -10240 192 ) (14880 -10240 1088 ) (14688 -10240 1088 ) (14688 -10240 192 ) 
4 62 72 (14880 -10208 -896 ) (14880 -10240 -896 ) (14688 -10240 -896 ) (14688 -10208 -896 ) 
4 63 66 (14640 -9504 1088 ) (14640 -9216 1088 ) (14640 -9216 192 ) (14640 -9504 192 ) 
4 63 64 (14640 -9504 192 ) (14640 -9216 192 ) (14688 -9216 192 ) (14688 -9504 192 ) 
4 64 66 (14640 -9504 192 ) (14640 -9216 192 ) (14640 -9216 0 ) (14640 -9504 0 ) 
4 64 65 (14640 -9504 0 ) (14640 -9216 0 ) (14688 -9216 0 ) (14688 -9504 0 ) 
4 65 71 (14640 -9216 -896 ) (14688 -9216 -896 ) (14688 -9504 -896 ) (14640 -9504 -896 ) 
4 65 66 (14640 -9216 -896 ) (14640 -9504 -896 ) (14640 -9504 0 ) (14640 -9216 0 ) 
4 66 84 (14336 -9216 1088 ) (14336 -9216 -896 ) (14336 -9504 -896 ) (14336 -9504 1088 ) 
4 66 73 (14336 -9504 -896 ) (14336 -9216 -896 ) (14624 -9216 -896 ) (14624 -9504 -896 ) 
4 66 71 (14624 -9216 -896 ) (14640 -9216 -896 ) (14640 -9504 -896 ) (14624 -9504 -896 ) 
4 67 71 (14624 -9552 -896 ) (14640 -9552 -896 ) (14640 -9568 -896 ) (14624 -9568 -896 ) 
4 67 69 (14624 -9552 1088 ) (14624 -9552 -896 ) (14624 -10144 -896 ) (14624 -10144 1088 ) 
4 68 160 (14624 -10240 -896 ) (14640 -10240 -896 ) (14640 -10240 0 ) (14624 -10240 0 ) 
4 68 149 (14640 -10240 0 ) (14640 -10240 30 ) (14624 -10240 30 ) (14624 -10240 0 ) 
4 68 116 (14640 -10240 30 ) (14640 -10240 192 ) (14624 -10240 192 ) (14624 -10240 30 ) 
4 68 107 (14640 -10240 192 ) (14640 -10240 1088 ) (14624 -10240 1088 ) (14624 -10240 192 ) 
4 68 69 (14624 -10208 -896 ) (14624 -10240 -896 ) (14624 -10240 1088 ) (14624 -10208 1088 ) 
4 69 178 (14608 -10240 -896 ) (14624 -10240 -896 ) (14624 -10240 30 ) (14608 -10240 30 ) 
4 69 180 (14336 -10240 30 ) (14336 -10240 -896 ) (14608 -10240 -896 ) (14608 -10240 30 ) 
4 69 176 (14336 -10240 1088 ) (14336 -10240 30 ) (14608 -10240 30 ) (14608 -10240 1088 ) 
4 69 167 (14608 -10240 30 ) (14624 -10240 30 ) (14624 -10240 156 ) (14608 -10240 156 ) 
4 69 165 (14624 -10240 156 ) (14624 -10240 1088 ) (14608 -10240 1088 ) (14608 -10240 156 ) 
4 69 86 (14336 -9552 -896 ) (14336 -10240 -896 ) (14336 -10240 1088 ) (14336 -9552 1088 ) 
4 69 74 (14336 -10240 -896 ) (14336 -9568 -896 ) (14624 -9568 -896 ) (14624 -10240 -896 ) 
4 70 75 (14688 -9216 -3776 ) (14880 -9216 -3776 ) (14880 -10144 -3776 ) (14688 -10144 -3776 ) 
4 70 71 (14688 -9216 -3776 ) (14688 -9568 -3776 ) (14688 -9568 -896 ) (14688 -9216 -896 ) 
4 71 76 (14624 -9504 -3776 ) (14624 -9216 -3776 ) (14688 -9216 -3776 ) (14688 -9504 -3776 ) 
4 71 73 (14624 -9216 -3776 ) (14624 -9504 -3776 ) (14624 -9504 -896 ) (14624 -9216 -896 ) 
4 72 158 (14688 -10240 -3776 ) (14880 -10240 -3776 ) (14880 -10240 -896 ) (14688 -10240 -896 ) 
4 72 75 (14880 -10240 -3776 ) (14688 -10240 -3776 ) (14688 -10208 -3776 ) (14880 -10208 -3776 ) 
4 73 91 (14336 -9216 -896 ) (14336 -9216 -3776 ) (14336 -9504 -3776 ) (14336 -9504 -896 ) 
4 73 76 (14336 -9504 -3776 ) (14336 -9216 -3776 ) (14624 -9216 -3776 ) (14624 -9504 -3776 ) 
4 74 178 (14608 -10240 -3776 ) (14624 -10240 -3776 ) (14624 -10240 -896 ) (14608 -10240 -896 ) 
4 74 180 (14336 -10240 -896 ) (14336 -10240 -3776 ) (14608 -10240 -3776 ) (14608 -10240 -896 ) 
4 74 92 (14336 -9568 -3776 ) (14336 -10240 -3776 ) (14336 -10240 -896 ) (14336 -9568 -896 ) 
4 75 162 (15360 -10240 -6352 ) (15360 -10240 -3776 ) (14688 -10240 -3776 ) (14688 -10240 -6352 ) 
4 75 77 (14688 -9504 -6352 ) (14688 -10240 -6352 ) (14688 -10240 -3840 ) (14688 -9504 -3840 ) 
4 75 76 (14688 -9216 -6352 ) (14688 -9504 -6352 ) (14688 -9504 -3776 ) (14688 -9216 -3776 ) 
4 76 97 (14336 -9216 -3776 ) (14336 -9216 -6352 ) (14336 -9504 -6352 ) (14336 -9504 -3776 ) 
4 76 77 (14336 -9504 -6352 ) (14688 -9504 -6352 ) (14688 -9504 -3840 ) (14336 -9504 -3840 ) 
4 77 181 (14336 -10240 -3840 ) (14336 -10240 -6352 ) (14624 -10240 -6352 ) (14624 -10240 -3840 ) 
4 77 163 (14624 -10240 -6352 ) (14688 -10240 -6352 ) (14688 -10240 -3840 ) (14624 -10240 -3840 ) 
4 77 98 (14336 -9504 -6352 ) (14336 -10240 -6352 ) (14336 -10240 -3840 ) (14336 -9504 -3840 ) 
4 78 228 (13312 -10240 2496 ) (13312 -10240 2656 ) (13312 -9216 2656 ) (13312 -9216 2496 ) 
4 78 182 (14336 -10240 2496 ) (14336 -10240 2656 ) (13312 -10240 2656 ) (13312 -10240 2496 ) 
4 78 80 (13792 -10240 2496 ) (13312 -10240 2496 ) (13312 -9216 2496 ) (13792 -9216 2496 ) 
4 79 183 (14336 -10240 2048 ) (14336 -10240 2432 ) (13824 -10240 2432 ) (13824 -10240 2048 ) 
4 79 83 (14336 -10208 2048 ) (14336 -10240 2048 ) (14048 -10240 2048 ) (14048 -10208 2048 ) 
4 79 82 (14336 -10144 2048 ) (14336 -10208 2048 ) (14048 -10208 2048 ) (14048 -10144 2048 ) 
4 79 81 (14336 -9568 2048 ) (14336 -10144 2048 ) (14048 -10144 2048 ) (14048 -9568 2048 ) 
4 80 228 (13312 -10240 2048 ) (13312 -10240 2496 ) (13312 -9216 2496 ) (13312 -9216 2048 ) 
4 80 184 (13792 -10240 2496 ) (13312 -10240 2496 ) (13312 -10240 2048 ) (13792 -10240 2048 ) 
4 80 96 (13792 -10240 2048 ) (13312 -10240 2048 ) (13312 -9216 2048 ) (13792 -9216 2048 ) 
4 81 86 (14048 -9568 1088 ) (14336 -9568 1088 ) (14336 -10144 1088 ) (14048 -10144 1088 ) 
4 81 82 (14048 -10144 1088 ) (14336 -10144 1088 ) (14336 -10144 2048 ) (14048 -10144 2048 ) 
4 82 86 (14048 -10144 1088 ) (14336 -10144 1088 ) (14336 -10208 1088 ) (14048 -10208 1088 ) 
4 82 83 (14048 -10208 1088 ) (14336 -10208 1088 ) (14336 -10208 2048 ) (14048 -10208 2048 ) 
4 83 185 (14336 -10240 1088 ) (14336 -10240 2048 ) (14048 -10240 2048 ) (14048 -10240 1088 ) 
4 83 86 (14048 -10208 1088 ) (14336 -10208 1088 ) (14336 -10240 1088 ) (14048 -10240 1088 ) 
4 84 93 (13984 -9216 -896 ) (14048 -9216 -896 ) (14048 -9504 -896 ) (13984 -9504 -896 ) 
4 84 91 (14048 -9216 -896 ) (14336 -9216 -896 ) (14336 -9504 -896 ) (14048 -9504 -896 ) 
4 84 85 (13984 -9216 -896 ) (13984 -9504 -896 ) (13984 -9504 1088 ) (13984 -9216 1088 ) 
4 85 94 (13792 -9552 -896 ) (13792 -9216 -896 ) (13984 -9216 -896 ) (13984 -9552 -896 ) 
4 85 89 (13792 -9552 -896 ) (13984 -9552 -896 ) (13984 -9552 1088 ) (13792 -9552 1088 ) 
4 85 96 (13792 -9552 1088 ) (13792 -9216 1088 ) (13792 -9216 -896 ) (13792 -9552 -896 ) 
4 86 185 (14336 -10240 -896 ) (14336 -10240 1088 ) (14048 -10240 1088 ) (14048 -10240 -896 ) 
4 86 92 (14336 -10240 -896 ) (14048 -10240 -896 ) (14048 -9568 -896 ) (14336 -9568 -896 ) 
4 86 88 (14048 -10208 -896 ) (14048 -10240 -896 ) (14048 -10240 1088 ) (14048 -10208 1088 ) 
4 86 87 (14048 -9552 1088 ) (14048 -9552 -896 ) (14048 -10144 -896 ) (14048 -10144 1088 ) 
4 87 93 (14032 -9552 -896 ) (14048 -9552 -896 ) (14048 -9568 -896 ) (14032 -9568 -896 ) 
4 88 186 (14048 -10240 1088 ) (14032 -10240 1088 ) (14032 -10240 -896 ) (14048 -10240 -896 ) 
4 89 94 (13792 -10144 -896 ) (13792 -9552 -896 ) (13984 -9552 -896 ) (13984 -10144 -896 ) 
4 89 96 (13792 -10144 1088 ) (13792 -9552 1088 ) (13792 -9552 -896 ) (13792 -10144 -896 ) 
4 90 187 (13984 -10240 1088 ) (13792 -10240 1088 ) (13792 -10240 -896 ) (13984 -10240 -896 ) 
4 90 95 (13984 -10240 -896 ) (13792 -10240 -896 ) (13792 -10208 -896 ) (13984 -10208 -896 ) 
4 90 96 (13792 -10240 -896 ) (13792 -10240 1088 ) (13792 -10208 1088 ) (13792 -10208 -896 ) 
4 91 97 (14048 -9504 -3776 ) (14048 -9216 -3776 ) (14336 -9216 -3776 ) (14336 -9504 -3776 ) 
4 91 93 (14048 -9216 -3776 ) (14048 -9504 -3776 ) (14048 -9504 -896 ) (14048 -9216 -896 ) 
4 92 185 (14336 -10240 -3776 ) (14336 -10240 -896 ) (14048 -10240 -896 ) (14048 -10240 -3776 ) 
4 93 97 (13984 -9216 -3776 ) (14048 -9216 -3776 ) (14048 -9504 -3776 ) (13984 -9504 -3776 ) 
4 93 94 (13984 -9216 -3776 ) (13984 -9568 -3776 ) (13984 -9568 -896 ) (13984 -9216 -896 ) 
4 94 99 (13792 -10144 -3776 ) (13792 -9216 -3776 ) (13984 -9216 -3776 ) (13984 -10144 -3776 ) 
4 94 96 (13792 -9216 -3776 ) (13792 -10144 -3776 ) (13792 -10144 -896 ) (13792 -9216 -896 ) 
4 95 190 (13984 -10240 -896 ) (13792 -10240 -896 ) (13792 -10240 -3776 ) (13984 -10240 -3776 ) 
4 95 99 (13984 -10240 -3776 ) (13792 -10240 -3776 ) (13792 -10208 -3776 ) (13984 -10208 -3776 ) 
4 95 96 (13792 -10208 -3776 ) (13792 -10240 -3776 ) (13792 -10240 -896 ) (13792 -10208 -896 ) 
4 96 228 (13312 -10240 -3776 ) (13312 -10240 2048 ) (13312 -9216 2048 ) (13312 -9216 -3776 ) 
4 96 192 (13792 -10240 2048 ) (13312 -10240 2048 ) (13312 -10240 -3776 ) (13792 -10240 -3776 ) 
4 96 99 (13792 -10240 -3776 ) (13312 -10240 -3776 ) (13312 -9216 -3776 ) (13792 -9216 -3776 ) 
4 97 98 (13984 -9504 -3840 ) (13984 -9504 -6352 ) (14336 -9504 -6352 ) (14336 -9504 -3840 ) 
4 97 99 (13984 -9216 -6352 ) (13984 -9504 -6352 ) (13984 -9504 -3776 ) (13984 -9216 -3776 ) 
4 98 193 (14336 -10240 -6352 ) (14336 -10240 -3840 ) (13984 -10240 -3840 ) (13984 -10240 -6352 ) 
4 98 99 (13984 -9504 -6352 ) (13984 -10240 -6352 ) (13984 -10240 -3840 ) (13984 -9504 -3840 ) 
4 99 228 (13312 -10240 -6352 ) (13312 -10240 -3776 ) (13312 -9216 -3776 ) (13312 -9216 -6352 ) 
4 99 194 (13984 -10240 -3776 ) (13312 -10240 -3776 ) (13312 -10240 -6352 ) (13984 -10240 -6352 ) 
4 100 162 (15360 -10240 -3776 ) (15360 -10240 -6352 ) (15360 -11264 -6352 ) (15360 -11264 -3776 ) 
4 100 157 (15360 -10240 0 ) (15360 -10240 -3776 ) (15360 -11264 -3776 ) (15360 -11264 0 ) 
4 100 152 (15360 -10592 0 ) (15360 -11264 0 ) (15360 -11264 30 ) (15360 -10592 30 ) 
4 100 150 (15360 -10592 22 ) (15360 -10592 30 ) (15360 -10400 30 ) (15360 -10400 22 ) 
4 100 151 (15360 -10400 0 ) (15360 -10592 0 ) (15360 -10592 22 ) (15360 -10400 22 ) 
4 100 148 (15360 -10240 30 ) (15360 -10240 0 ) (15360 -10400 0 ) (15360 -10400 30 ) 
4 100 143 (15360 -10592 30 ) (15360 -11264 30 ) (15360 -11264 156 ) (15360 -10592 156 ) 
4 100 129 (15360 -10400 30 ) (15360 -10592 30 ) (15360 -10592 156 ) (15360 -10400 156 ) 
4 100 117 (15360 -11264 156 ) (15360 -11264 2048 ) (15360 -10400 2048 ) (15360 -10400 156 ) 
4 100 108 (15360 -10240 192 ) (15360 -10240 30 ) (15360 -10400 30 ) (15360 -10400 192 ) 
4 100 106 (15360 -10240 1088 ) (15360 -10240 192 ) (15360 -10400 192 ) (15360 -10400 1088 ) 
4 100 105 (15360 -10240 2048 ) (15360 -10240 1088 ) (15360 -10400 1088 ) (15360 -10400 2048 ) 
4 100 103 (15360 -10240 2496 ) (15360 -10240 2048 ) (15360 -11264 2048 ) (15360 -11264 2496 ) 
4 100 102 (15360 -10240 2656 ) (15360 -10240 2496 ) (15360 -11264 2496 ) (15360 -11264 2656 ) 
4 100 101 (15616 -11264 2656 ) (15360 -11264 2656 ) (15360 -11264 -6352 ) (15616 -11264 -6352 ) 
4 101 231 (15616 -12288 2656 ) (15360 -12288 2656 ) (15360 -12288 -6352 ) (15616 -12288 -6352 ) 
4 101 209 (15360 -12288 -6352 ) (15360 -12288 -3776 ) (15360 -11264 -3776 ) (15360 -11264 -6352 ) 
4 101 198 (15360 -12288 -3776 ) (15360 -12288 2048 ) (15360 -11264 2048 ) (15360 -11264 -3776 ) 
4 101 196 (15360 -12288 2048 ) (15360 -12288 2496 ) (15360 -11264 2496 ) (15360 -11264 2048 ) 
4 101 195 (15360 -12288 2496 ) (15360 -12288 2656 ) (15360 -11264 2656 ) (15360 -11264 2496 ) 
4 102 195 (15360 -11264 2496 ) (15360 -11264 2656 ) (14624 -11264 2656 ) (14624 -11264 2496 ) 
4 102 164 (14624 -11264 2496 ) (14624 -11264 2656 ) (14624 -10240 2656 ) (14624 -10240 2496 ) 
4 102 103 (14880 -10240 2496 ) (15360 -10240 2496 ) (15360 -11264 2496 ) (14880 -11264 2496 ) 
4 103 196 (15360 -11264 2048 ) (15360 -11264 2496 ) (14880 -11264 2496 ) (14880 -11264 2048 ) 
4 103 118 (14880 -10592 2048 ) (14880 -10400 2048 ) (15102 -10400 2048 ) (15102 -10592 2048 ) 
4 103 119 (15102 -11264 2048 ) (14880 -11264 2048 ) (14880 -10592 2048 ) (15102 -10592 2048 ) 
4 103 117 (15360 -11264 2048 ) (15102 -11264 2048 ) (15102 -10400 2048 ) (15360 -10400 2048 ) 
4 103 105 (14880 -10400 2048 ) (14880 -10240 2048 ) (15360 -10240 2048 ) (15360 -10400 2048 ) 
4 104 197 (14624 -11264 2432 ) (14624 -11264 2048 ) (14848 -11264 2048 ) (14848 -11264 2432 ) 
4 104 173 (14624 -10592 2432 ) (14624 -10528 2432 ) (14624 -10528 2048 ) (14624 -10592 2048 ) 
4 104 172 (14624 -11264 2048 ) (14624 -11264 2432 ) (14624 -10592 2432 ) (14624 -10592 2048 ) 
4 104 168 (14624 -10528 2432 ) (14624 -10464 2432 ) (14624 -10464 2048 ) (14624 -10528 2048 ) 
4 104 166 (14624 -10464 2432 ) (14624 -10400 2432 ) (14624 -10400 2048 ) (14624 -10464 2048 ) 
4 104 165 (14624 -10400 2432 ) (14624 -10240 2432 ) (14624 -10240 2048 ) (14624 -10400 2048 ) 
4 105 118 (15102 -10400 2048 ) (14880 -10400 2048 ) (14880 -10400 1088 ) (15102 -10400 1088 ) 
4 105 117 (15360 -10400 1088 ) (15360 -10400 2048 ) (15102 -10400 2048 ) (15102 -10400 1088 ) 
4 105 106 (15360 -10400 1088 ) (14880 -10400 1088 ) (14880 -10240 1088 ) (15360 -10240 1088 ) 
4 106 120 (14880 -10400 1088 ) (14688 -10400 1088 ) (14688 -10400 192 ) (14880 -10400 192 ) 
4 106 118 (15102 -10400 1088 ) (14880 -10400 1088 ) (14880 -10400 192 ) (15102 -10400 192 ) 
4 106 117 (15360 -10400 192 ) (15360 -10400 1088 ) (15102 -10400 1088 ) (15102 -10400 192 ) 
4 106 113 (14946 -10400 192 ) (14746 -10400 192 ) (14746 -10392 192 ) (14946 -10392 192 ) 
4 106 112 (14746 -10392 192 ) (14746 -10240 192 ) (14946 -10240 192 ) (14946 -10392 192 ) 
4 106 115 (14746 -10400 192 ) (14688 -10400 192 ) (14688 -10240 192 ) (14746 -10240 192 ) 
4 106 110 (15101 -10400 192 ) (14976 -10400 192 ) (14976 -10399 192 ) (15101 -10399 192 ) 
4 106 109 (14976 -10399 192 ) (14976 -10240 192 ) (15101 -10240 192 ) (15101 -10399 192 ) 
4 106 108 (15360 -10400 192 ) (15101 -10400 192 ) (15101 -10240 192 ) (15360 -10240 192 ) 
4 106 111 (14976 -10400 192 ) (14946 -10400 192 ) (14946 -10240 192 ) (14976 -10240 192 ) 
4 107 165 (14624 -10240 1088 ) (14624 -10240 192 ) (14624 -10400 192 ) (14624 -10400 1088 ) 
4 107 121 (14640 -10400 1088 ) (14624 -10400 1088 ) (14624 -10400 192 ) (14640 -10400 192 ) 
4 107 116 (14640 -10400 192 ) (14624 -10400 192 ) (14624 -10240 192 ) (14640 -10240 192 ) 
4 108 148 (15101 -10240 30 ) (15360 -10240 30 ) (15360 -10400 30 ) (15101 -10400 30 ) 
4 108 129 (15102 -10400 30 ) (15360 -10400 30 ) (15360 -10400 156 ) (15102 -10400 156 ) 
4 108 118 (15102 -10400 192 ) (15101 -10400 192 ) (15101 -10400 160 ) (15102 -10400 160 ) 
4 108 117 (15360 -10400 156 ) (15360 -10400 192 ) (15102 -10400 192 ) (15102 -10400 156 ) 
4 108 110 (15101 -10400 156 ) (15101 -10400 192 ) (15101 -10399 192 ) (15101 -10399 156 ) 
4 108 109 (15101 -10240 30 ) (15101 -10399 30 ) (15101 -10399 192 ) (15101 -10240 192 ) 
4 109 148 (14976 -10240 30 ) (15101 -10240 30 ) (15101 -10399 30 ) (14976 -10399 30 ) 
4 109 110 (14976 -10399 192 ) (14976 -10399 156 ) (15101 -10399 156 ) (15101 -10399 192 ) 
4 109 111 (14976 -10240 30 ) (14976 -10399 30 ) (14976 -10399 192 ) (14976 -10240 192 ) 
4 110 118 (15101 -10400 160 ) (15101 -10400 192 ) (14976 -10400 192 ) (14976 -10400 160 ) 
4 110 111 (14976 -10400 156 ) (14976 -10400 192 ) (14976 -10399 192 ) (14976 -10399 156 ) 
4 111 148 (14946 -10240 30 ) (14976 -10240 30 ) (14976 -10400 30 ) (14946 -10400 30 ) 
4 111 131 (14974 -10400 30 ) (14976 -10400 30 ) (14976 -10400 156 ) (14974 -10400 156 ) 
4 111 118 (14976 -10400 160 ) (14976 -10400 192 ) (14946 -10400 192 ) (14946 -10400 160 ) 
4 111 113 (14946 -10400 152 ) (14946 -10400 192 ) (14946 -10392 192 ) (14946 -10392 152 ) 
4 111 114 (14946 -10392 30 ) (14946 -10400 30 ) (14946 -10400 34 ) (14946 -10392 34 ) 
4 111 112 (14946 -10240 30 ) (14946 -10392 30 ) (14946 -10392 192 ) (14946 -10240 192 ) 
4 112 148 (14746 -10240 30 ) (14946 -10240 30 ) (14946 -10392 30 ) (14746 -10392 30 ) 
4 112 113 (14746 -10392 192 ) (14746 -10392 152 ) (14946 -10392 152 ) (14946 -10392 192 ) 
4 112 114 (14746 -10392 34 ) (14746 -10392 30 ) (14946 -10392 30 ) (14946 -10392 34 ) 
4 112 115 (14746 -10240 30 ) (14746 -10392 30 ) (14746 -10392 192 ) (14746 -10240 192 ) 
4 113 124 (14880 -10400 192 ) (14746 -10400 192 ) (14746 -10400 160 ) (14880 -10400 160 ) 
4 113 118 (14946 -10400 160 ) (14946 -10400 192 ) (14880 -10400 192 ) (14880 -10400 160 ) 
4 113 115 (14746 -10400 152 ) (14746 -10400 192 ) (14746 -10392 192 ) (14746 -10392 152 ) 
4 114 148 (14946 -10392 30 ) (14946 -10400 30 ) (14746 -10400 30 ) (14746 -10392 30 ) 
4 114 115 (14746 -10392 30 ) (14746 -10400 30 ) (14746 -10400 34 ) (14746 -10392 34 ) 
4 115 148 (14688 -10240 30 ) (14746 -10240 30 ) (14746 -10400 30 ) (14688 -10400 30 ) 
4 115 124 (14746 -10400 160 ) (14746 -10400 192 ) (14688 -10400 192 ) (14688 -10400 160 ) 
4 116 167 (14624 -10240 156 ) (14624 -10240 30 ) (14624 -10400 30 ) (14624 -10400 156 ) 
4 116 165 (14624 -10240 192 ) (14624 -10240 156 ) (14624 -10400 156 ) (14624 -10400 192 ) 
4 116 149 (14624 -10400 30 ) (14624 -10240 30 ) (14640 -10240 30 ) (14640 -10400 30 ) 
4 116 124 (14640 -10400 160 ) (14640 -10400 192 ) (14624 -10400 192 ) (14624 -10400 160 ) 
4 117 198 (15360 -11264 156 ) (15360 -11264 2048 ) (15102 -11264 2048 ) (15102 -11264 156 ) 
4 117 143 (15360 -11264 156 ) (15102 -11264 156 ) (15102 -10592 156 ) (15360 -10592 156 ) 
4 117 129 (15102 -10592 156 ) (15102 -10400 156 ) (15360 -10400 156 ) (15360 -10592 156 ) 
4 117 118 (15102 -10400 2048 ) (15102 -10400 160 ) (15102 -10592 160 ) (15102 -10592 2048 ) 
4 117 119 (15102 -10592 156 ) (15102 -11264 156 ) (15102 -11264 2048 ) (15102 -10592 2048 ) 
4 118 124 (14880 -10400 192 ) (14880 -10400 160 ) (14880 -10592 160 ) (14880 -10592 192 ) 
4 118 120 (14880 -10400 1088 ) (14880 -10400 192 ) (14880 -10592 192 ) (14880 -10592 1088 ) 
4 118 119 (14880 -10592 2048 ) (14880 -10592 160 ) (15102 -10592 160 ) (15102 -10592 2048 ) 
4 119 198 (15102 -11264 2048 ) (14880 -11264 2048 ) (14880 -11264 156 ) (15102 -11264 156 ) 
4 119 143 (15102 -11264 156 ) (14880 -11264 156 ) (14880 -10592 156 ) (15102 -10592 156 ) 
4 119 126 (14880 -10848 156 ) (14880 -11264 156 ) (14880 -11264 192 ) (14880 -10848 192 ) 
4 119 125 (14880 -10592 156 ) (14880 -10784 156 ) (14880 -10784 192 ) (14880 -10592 192 ) 
4 119 122 (14880 -11264 192 ) (14880 -11264 1088 ) (14880 -10848 1088 ) (14880 -10848 192 ) 
4 119 120 (14880 -10784 1088 ) (14880 -10592 1088 ) (14880 -10592 192 ) (14880 -10784 192 ) 
4 120 125 (14880 -10592 192 ) (14880 -10784 192 ) (14688 -10784 192 ) (14688 -10592 192 ) 
4 120 124 (14688 -10400 192 ) (14880 -10400 192 ) (14880 -10592 192 ) (14688 -10592 192 ) 
4 121 173 (14624 -10592 1088 ) (14624 -10528 1088 ) (14624 -10528 192 ) (14624 -10592 192 ) 
4 121 172 (14624 -10784 1088 ) (14624 -10592 1088 ) (14624 -10592 192 ) (14624 -10784 192 ) 
4 121 168 (14624 -10528 1088 ) (14624 -10464 1088 ) (14624 -10464 192 ) (14624 -10528 192 ) 
4 121 166 (14624 -10464 1088 ) (14624 -10400 1088 ) (14624 -10400 192 ) (14624 -10464 192 ) 
4 121 127 (14624 -10784 192 ) (14624 -10592 192 ) (14640 -10592 192 ) (14640 -10784 192 ) 
4 121 124 (14624 -10592 192 ) (14624 -10400 192 ) (14640 -10400 192 ) (14640 -10592 192 ) 
4 122 199 (14688 -11264 192 ) (14880 -11264 192 ) (14880 -11264 1088 ) (14688 -11264 1088 ) 
4 122 126 (14688 -10848 192 ) (14880 -10848 192 ) (14880 -11264 192 ) (14688 -11264 192 ) 
4 123 202 (14624 -11264 1088 ) (14624 -11264 192 ) (14640 -11264 192 ) (14640 -11264 1088 ) 
4 123 172 (14624 -11264 192 ) (14624 -11264 1088 ) (14624 -10848 1088 ) (14624 -10848 192 ) 
4 123 128 (14624 -11264 192 ) (14624 -10848 192 ) (14640 -10848 192 ) (14640 -11264 192 ) 
4 124 127 (14640 -10592 192 ) (14624 -10592 192 ) (14624 -10592 160 ) (14640 -10592 160 ) 
4 124 125 (14880 -10592 160 ) (14880 -10592 192 ) (14688 -10592 192 ) (14688 -10592 160 ) 
4 125 144 (14688 -10592 156 ) (14880 -10592 156 ) (14880 -10784 156 ) (14688 -10784 156 ) 
4 126 199 (14688 -11264 156 ) (14880 -11264 156 ) (14880 -11264 192 ) (14688 -11264 192 ) 
4 126 145 (14880 -11264 156 ) (14688 -11264 156 ) (14688 -10848 156 ) (14880 -10848 156 ) 
4 127 172 (14624 -10784 192 ) (14624 -10592 192 ) (14624 -10592 156 ) (14624 -10784 156 ) 
4 127 146 (14624 -10784 156 ) (14624 -10592 156 ) (14640 -10592 156 ) (14640 -10784 156 ) 
4 128 202 (14624 -11264 192 ) (14624 -11264 156 ) (14640 -11264 156 ) (14640 -11264 192 ) 
4 128 172 (14624 -11264 156 ) (14624 -11264 192 ) (14624 -10848 192 ) (14624 -10848 156 ) 
4 128 147 (14640 -11264 156 ) (14624 -11264 156 ) (14624 -10848 156 ) (14640 -10848 156 ) 
4 129 150 (15102 -10400 30 ) (15360 -10400 30 ) (15360 -10592 30 ) (15102 -10592 30 ) 
4 129 143 (15102 -10592 30 ) (15360 -10592 30 ) (15360 -10592 156 ) (15102 -10592 156 ) 
4 130 131 (14978 -10590 156 ) (14978 -10400 156 ) (14978 -10400 30 ) (14978 -10590 30 ) 
4 131 143 (14974 -10592 30 ) (14978 -10592 30 ) (14978 -10592 156 ) (14974 -10592 156 ) 
4 131 132 (14974 -10590 156 ) (14974 -10402 156 ) (14974 -10402 30 ) (14974 -10590 30 ) 
4 132 142 (14946 -10590 156 ) (14946 -10404 156 ) (14946 -10404 30 ) (14946 -10590 30 ) 
4 133 139 (14942 -10403 78 ) (14942 -10403 152 ) (14898 -10403 152 ) (14898 -10403 78 ) 
4 134 140 (14898 -10403 34 ) (14942 -10403 34 ) (14942 -10403 74 ) (14898 -10403 74 ) 
4 135 139 (14894 -10403 78 ) (14894 -10403 152 ) (14798 -10403 152 ) (14798 -10403 78 ) 
4 136 140 (14798 -10403 34 ) (14894 -10403 34 ) (14894 -10403 74 ) (14798 -10403 74 ) 
4 137 139 (14750 -10403 152 ) (14750 -10403 78 ) (14794 -10403 78 ) (14794 -10403 152 ) 
4 138 140 (14750 -10403 74 ) (14750 -10403 34 ) (14794 -10403 34 ) (14794 -10403 74 ) 
4 139 142 (14942 -10404 78 ) (14942 -10404 152 ) (14750 -10404 152 ) (14750 -10404 78 ) 
4 140 142 (14942 -10404 34 ) (14942 -10404 74 ) (14750 -10404 74 ) (14750 -10404 34 ) 
4 141 142 (14624 -10404 30 ) (14746 -10404 30 ) (14746 -10404 156 ) (14624 -10404 156 ) 
4 142 169 (14624 -10528 156 ) (14624 -10464 156 ) (14624 -10464 30 ) (14624 -10528 30 ) 
4 143 198 (15360 -11264 30 ) (15360 -11264 156 ) (14880 -11264 156 ) (14880 -11264 30 ) 
4 143 152 (14880 -10592 30 ) (15360 -10592 30 ) (15360 -11264 30 ) (14880 -11264 30 ) 
4 143 145 (14880 -10848 30 ) (14880 -11264 30 ) (14880 -11264 156 ) (14880 -10848 156 ) 
4 143 144 (14880 -10592 156 ) (14880 -10592 30 ) (14880 -10784 30 ) (14880 -10784 156 ) 
4 144 153 (14688 -10592 30 ) (14880 -10592 30 ) (14880 -10784 30 ) (14688 -10784 30 ) 
4 145 199 (14880 -11264 156 ) (14688 -11264 156 ) (14688 -11264 30 ) (14880 -11264 30 ) 
4 145 155 (14880 -10848 30 ) (14880 -11264 30 ) (14688 -11264 30 ) (14688 -10848 30 ) 
4 146 174 (14624 -10784 156 ) (14624 -10592 156 ) (14624 -10592 30 ) (14624 -10784 30 ) 
4 146 154 (14624 -10784 30 ) (14624 -10592 30 ) (14640 -10592 30 ) (14640 -10784 30 ) 
4 147 202 (14640 -11264 156 ) (14624 -11264 156 ) (14624 -11264 30 ) (14640 -11264 30 ) 
4 147 174 (14624 -11264 30 ) (14624 -11264 156 ) (14624 -10848 156 ) (14624 -10848 30 ) 
4 147 156 (14624 -11264 30 ) (14624 -10848 30 ) (14640 -10848 30 ) (14640 -11264 30 ) 
4 148 158 (14688 -10240 0 ) (14880 -10240 0 ) (14880 -10400 0 ) (14688 -10400 0 ) 
4 148 157 (14880 -10240 0 ) (15360 -10240 0 ) (15360 -10400 0 ) (14880 -10400 0 ) 
4 148 150 (15360 -10400 22 ) (15360 -10400 30 ) (15102 -10400 30 ) (15102 -10400 22 ) 
4 148 151 (14688 -10400 0 ) (15360 -10400 0 ) (15360 -10400 22 ) (14688 -10400 22 ) 
4 149 178 (14624 -10400 30 ) (14624 -10240 30 ) (14624 -10240 0 ) (14624 -10400 0 ) 
4 149 160 (14624 -10400 0 ) (14624 -10240 0 ) (14640 -10240 0 ) (14640 -10400 0 ) 
4 149 151 (14624 -10400 0 ) (14640 -10400 0 ) (14640 -10400 22 ) (14624 -10400 22 ) 
4 150 152 (15360 -10592 22 ) (15360 -10592 30 ) (15102 -10592 30 ) (15102 -10592 22 ) 
4 150 151 (15360 -10592 22 ) (15102 -10592 22 ) (15102 -10400 22 ) (15360 -10400 22 ) 
4 151 160 (14624 -10592 0 ) (14624 -10400 0 ) (14640 -10400 0 ) (14640 -10592 0 ) 
4 151 158 (14688 -10400 0 ) (14880 -10400 0 ) (14880 -10592 0 ) (14688 -10592 0 ) 
4 151 157 (14880 -10400 0 ) (15360 -10400 0 ) (15360 -10592 0 ) (14880 -10592 0 ) 
4 151 154 (14624 -10592 0 ) (14640 -10592 0 ) (14640 -10592 22 ) (14624 -10592 22 ) 
4 151 153 (14688 -10592 0 ) (14880 -10592 0 ) (14880 -10592 22 ) (14688 -10592 22 ) 
4 151 152 (14880 -10592 0 ) (15360 -10592 0 ) (15360 -10592 22 ) (14880 -10592 22 ) 
4 152 198 (15360 -11264 0 ) (15360 -11264 30 ) (14880 -11264 30 ) (14880 -11264 0 ) 
4 152 157 (14880 -10592 0 ) (15360 -10592 0 ) (15360 -11264 0 ) (14880 -11264 0 ) 
4 152 155 (14880 -10848 0 ) (14880 -11264 0 ) (14880 -11264 30 ) (14880 -10848 30 ) 
4 152 153 (14880 -10592 30 ) (14880 -10592 0 ) (14880 -10784 0 ) (14880 -10784 30 ) 
4 153 158 (14688 -10592 0 ) (14880 -10592 0 ) (14880 -10784 0 ) (14688 -10784 0 ) 
4 154 177 (14624 -10784 30 ) (14624 -10592 30 ) (14624 -10592 0 ) (14624 -10784 0 ) 
4 154 160 (14624 -10784 0 ) (14624 -10592 0 ) (14640 -10592 0 ) (14640 -10784 0 ) 
4 155 199 (14880 -11264 30 ) (14688 -11264 30 ) (14688 -11264 0 ) (14880 -11264 0 ) 
4 155 159 (14688 -10848 0 ) (14880 -10848 0 ) (14880 -11264 0 ) (14688 -11264 0 ) 
4 156 202 (14640 -11264 30 ) (14624 -11264 30 ) (14624 -11264 0 ) (14640 -11264 0 ) 
4 156 177 (14624 -11264 0 ) (14624 -11264 30 ) (14624 -10848 30 ) (14624 -10848 0 ) 
4 156 161 (14624 -11264 0 ) (14624 -10848 0 ) (14640 -10848 0 ) (14640 -11264 0 ) 
4 157 198 (15360 -11264 -3776 ) (15360 -11264 0 ) (14880 -11264 0 ) (14880 -11264 -3776 ) 
4 157 162 (15360 -11264 -3776 ) (14880 -11264 -3776 ) (14880 -10240 -3776 ) (15360 -10240 -3776 ) 
4 157 158 (14880 -10240 -3776 ) (14880 -10784 -3776 ) (14880 -10784 0 ) (14880 -10240 0 ) 
4 157 159 (14880 -10848 -3776 ) (14880 -11264 -3776 ) (14880 -11264 0 ) (14880 -10848 0 ) 
4 158 162 (14688 -10784 -3776 ) (14688 -10240 -3776 ) (14880 -10240 -3776 ) (14880 -10784 -3776 ) 
4 159 205 (14688 -11264 -896 ) (14688 -11264 -3776 ) (14880 -11264 -3776 ) (14880 -11264 -896 ) 
4 159 199 (14880 -11264 0 ) (14688 -11264 0 ) (14688 -11264 -896 ) (14880 -11264 -896 ) 
4 159 162 (14880 -11264 -3776 ) (14688 -11264 -3776 ) (14688 -10848 -3776 ) (14880 -10848 -3776 ) 
4 160 179 (14624 -10592 0 ) (14624 -10400 0 ) (14624 -10400 -896 ) (14624 -10592 -896 ) 
4 160 178 (14624 -10400 0 ) (14624 -10240 0 ) (14624 -10240 -896 ) (14624 -10400 -896 ) 
4 160 177 (14624 -10784 0 ) (14624 -10592 0 ) (14624 -10592 -896 ) (14624 -10784 -896 ) 
4 161 202 (14640 -11264 0 ) (14624 -11264 0 ) (14624 -11264 -896 ) (14640 -11264 -896 ) 
4 161 177 (14624 -11264 -896 ) (14624 -11264 0 ) (14624 -10848 0 ) (14624 -10848 -896 ) 
4 162 209 (15360 -11264 -6352 ) (15360 -11264 -3776 ) (14688 -11264 -3776 ) (14688 -11264 -6352 ) 
4 162 163 (14688 -10240 -6352 ) (14688 -11264 -6352 ) (14688 -11264 -3840 ) (14688 -10240 -3840 ) 
4 163 210 (14624 -11264 -3840 ) (14624 -11264 -6352 ) (14688 -11264 -6352 ) (14688 -11264 -3840 ) 
4 163 181 (14624 -11264 -6352 ) (14624 -11264 -3840 ) (14624 -10240 -3840 ) (14624 -10240 -6352 ) 
4 164 195 (14624 -11264 2496 ) (14624 -11264 2656 ) (14608 -11264 2656 ) (14608 -11264 2496 ) 
4 164 175 (14608 -11264 2496 ) (14608 -11264 2656 ) (14608 -10240 2656 ) (14608 -10240 2496 ) 
4 165 176 (14608 -10416 2432 ) (14608 -10240 2432 ) (14608 -10240 156 ) (14608 -10416 156 ) 
4 165 167 (14608 -10416 156 ) (14608 -10240 156 ) (14624 -10240 156 ) (14624 -10400 156 ) 
4 165 166 (14624 -10400.003906 192 ) (14624 -10400.003906 2432 ) (14608 -10416.003906 2432 ) (14608 -10416.003906 176 ) 
4 166 176 (14608 -10464 176 ) (14608 -10464 2432 ) (14608 -10416 2432 ) (14608 -10416 176 ) 
4 166 170 (14611 -10464 2432 ) (14608 -10464 2432 ) (14608 -10464 176 ) (14611 -10464 179 ) 
4 166 168 (14624 -10464 2432 ) (14611 -10464 2432 ) (14611 -10464 179 ) (14624 -10464 192 ) 
4 167 178 (14608 -10240 30 ) (14624 -10240 30 ) (14624 -10400 30 ) (14608 -10416 30 ) 
4 167 176 (14608 -10240 30 ) (14608 -10416 30 ) (14608 -10416 156 ) (14608 -10240 156 ) 
4 168 173 (14624 -10528 2432 ) (14611 -10528 2432 ) (14611 -10528 179 ) (14624 -10528 192 ) 
4 168 170 (14611 -10464 2432 ) (14611 -10464 179 ) (14611 -10528 179 ) (14611 -10528 2432 ) 
4 169 171 (14611 -10468 31 ) (14611 -10524 31 ) (14611 -10524 152 ) (14611 -10468 152 ) 
4 170 176 (14608 -10528 176 ) (14608 -10528 2432 ) (14608 -10464 2432 ) (14608 -10464 176 ) 
4 170 173 (14611 -10528 2432 ) (14608 -10528 2432 ) (14608 -10528 176 ) (14611 -10528 179 ) 
4 171 176 (14608 -10524 31 ) (14608 -10524 152 ) (14608 -10468 152 ) (14608 -10468 31 ) 
4 172 208 (14624 -11264 156 ) (14624 -11264 2048 ) (14608 -11264 2048 ) (14608 -11264 156 ) 
4 172 197 (14624 -11264 2048 ) (14624 -11264 2432 ) (14608 -11264 2432 ) (14608 -11264 2048 ) 
4 172 176 (14608 -11264 156 ) (14608 -11264 2432 ) (14608 -10576 2432 ) (14608 -10576 156 ) 
4 172 174 (14608 -11264 156 ) (14608 -10576 156 ) (14624 -10592 156 ) (14624 -11264 156 ) 
4 172 173 (14608 -10576 176 ) (14608 -10576 2432 ) (14624 -10592 2432 ) (14624 -10592 192 ) 
4 173 176 (14608 -10576 2432 ) (14608 -10528 2432 ) (14608 -10528 176 ) (14608 -10576 176 ) 
4 174 208 (14624 -11264 30 ) (14624 -11264 156 ) (14608 -11264 156 ) (14608 -11264 30 ) 
4 174 177 (14624 -10592 30 ) (14624 -11264 30 ) (14608 -11264 30 ) (14608 -10576 30 ) 
4 174 176 (14608 -10576 30 ) (14608 -11264 30 ) (14608 -11264 156 ) (14608 -10576 156 ) 
4 175 195 (14336 -11264 2656 ) (14336 -11264 2496 ) (14608 -11264 2496 ) (14608 -11264 2656 ) 
4 175 182 (14336 -10240 2656 ) (14336 -10240 2496 ) (14336 -11264 2496 ) (14336 -11264 2656 ) 
4 176 208 (14336 -11264 2048 ) (14336 -11264 30 ) (14608 -11264 30 ) (14608 -11264 2048 ) 
4 176 197 (14336 -11264 2432 ) (14336 -11264 2048 ) (14608 -11264 2048 ) (14608 -11264 2432 ) 
4 176 185 (14336 -10240 2048 ) (14336 -10240 30 ) (14336 -11264 30 ) (14336 -11264 2048 ) 
4 176 183 (14336 -10240 2432 ) (14336 -10240 2048 ) (14336 -11264 2048 ) (14336 -11264 2432 ) 
4 176 180 (14336 -11264 30 ) (14336 -10240 30 ) (14608 -10240 30 ) (14608 -11264 30 ) 
4 177 208 (14624 -11264 -3776 ) (14624 -11264 30 ) (14608 -11264 30 ) (14608 -11264 -3776 ) 
4 177 179 (14624 -10592 -3776 ) (14608 -10576 -3776 ) (14608 -10576 16 ) (14624 -10592 0 ) 
4 177 180 (14608 -10576 -3776 ) (14608 -11264 -3776 ) (14608 -11264 30 ) (14608 -10576 30 ) 
4 178 179 (14608 -10416 16 ) (14608 -10416 -3776 ) (14624 -10400 -3776 ) (14624 -10400 0 ) 
4 178 180 (14608 -10240 -3776 ) (14608 -10415.998047 -3776 ) (14608 -10415.998047 30 ) (14608 -10240 30 ) 
4 179 180 (14608 -10415.998047 -3776 ) (14608 -10576 -3776 ) (14608 -10576 16 ) (14608 -10415.998047 16 ) 
4 180 208 (14608 -11264 30 ) (14336 -11264 30 ) (14336 -11264 -3776 ) (14608 -11264 -3776 ) 
4 180 185 (14336 -10240 30 ) (14336 -10240 -3776 ) (14336 -11264 -3776 ) (14336 -11264 30 ) 
4 181 210 (14624 -11264 -6352 ) (14624 -11264 -3840 ) (14336 -11264 -3840 ) (14336 -11264 -6352 ) 
4 181 193 (14336 -10240 -3840 ) (14336 -10240 -6352 ) (14336 -11264 -6352 ) (14336 -11264 -3840 ) 
4 182 229 (13312 -11264 2496 ) (13312 -11264 2656 ) (13312 -10240 2656 ) (13312 -10240 2496 ) 
4 182 211 (14336 -11264 2496 ) (14336 -11264 2656 ) (13312 -11264 2656 ) (13312 -11264 2496 ) 
4 182 184 (13792 -11264 2496 ) (13312 -11264 2496 ) (13312 -10240 2496 ) (13792 -10240 2496 ) 
4 183 212 (14336 -11264 2048 ) (14336 -11264 2432 ) (13824 -11264 2432 ) (13824 -11264 2048 ) 
4 183 185 (14336 -10240 2048 ) (14336 -11264 2048 ) (14048 -11264 2048 ) (14048 -10240 2048 ) 
4 184 229 (13312 -11264 2048 ) (13312 -11264 2496 ) (13312 -10240 2496 ) (13312 -10240 2048 ) 
4 184 213 (13792 -11264 2496 ) (13312 -11264 2496 ) (13312 -11264 2048 ) (13792 -11264 2048 ) 
4 184 192 (13792 -11264 2048 ) (13312 -11264 2048 ) (13312 -10240 2048 ) (13792 -10240 2048 ) 
4 185 214 (14336 -11264 -3776 ) (14336 -11264 2048 ) (14048 -11264 2048 ) (14048 -11264 -3776 ) 
4 185 188 (14048 -11264 -896 ) (14048 -11264 1088 ) (14048 -10848 1088 ) (14048 -10848 -896 ) 
4 185 186 (14048 -10784 1088 ) (14048 -10240 1088 ) (14048 -10240 -896 ) (14048 -10784 -896 ) 
4 187 190 (13792 -10784 -896 ) (13792 -10240 -896 ) (13984 -10240 -896 ) (13984 -10784 -896 ) 
4 187 192 (13792 -10784 1088 ) (13792 -10240 1088 ) (13792 -10240 -896 ) (13792 -10784 -896 ) 
4 188 215 (14032 -11264 -896 ) (14048 -11264 -896 ) (14048 -11264 1088 ) (14032 -11264 1088 ) 
4 189 216 (13792 -11264 1088 ) (13792 -11264 -896 ) (13984 -11264 -896 ) (13984 -11264 1088 ) 
4 189 191 (13792 -11264 -896 ) (13792 -10848 -896 ) (13984 -10848 -896 ) (13984 -11264 -896 ) 
4 189 192 (13792 -11264 -896 ) (13792 -11264 1088 ) (13792 -10848 1088 ) (13792 -10848 -896 ) 
4 190 194 (13792 -10784 -3776 ) (13792 -10240 -3776 ) (13984 -10240 -3776 ) (13984 -10784 -3776 ) 
4 190 192 (13792 -10240 -3776 ) (13792 -10784 -3776 ) (13792 -10784 -896 ) (13792 -10240 -896 ) 
4 191 221 (13792 -11264 -896 ) (13792 -11264 -3776 ) (13984 -11264 -3776 ) (13984 -11264 -896 ) 
4 191 194 (13984 -11264 -3776 ) (13792 -11264 -3776 ) (13792 -10848 -3776 ) (13984 -10848 -3776 ) 
4 191 192 (13792 -10848 -3776 ) (13792 -11264 -3776 ) (13792 -11264 -896 ) (13792 -10848 -896 ) 
4 192 229 (13312 -11264 -3776 ) (13312 -11264 2048 ) (13312 -10240 2048 ) (13312 -10240 -3776 ) 
4 192 224 (13792 -11264 2048 ) (13312 -11264 2048 ) (13312 -11264 -3776 ) (13792 -11264 -3776 ) 
4 192 194 (13792 -11264 -3776 ) (13312 -11264 -3776 ) (13312 -10240 -3776 ) (13792 -10240 -3776 ) 
4 193 225 (14336 -11264 -6352 ) (14336 -11264 -3840 ) (13984 -11264 -3840 ) (13984 -11264 -6352 ) 
4 193 194 (13984 -10240 -6352 ) (13984 -11264 -6352 ) (13984 -11264 -3840 ) (13984 -10240 -3840 ) 
4 194 229 (13312 -11264 -6352 ) (13312 -11264 -3776 ) (13312 -10240 -3776 ) (13312 -10240 -6352 ) 
4 194 226 (13984 -11264 -3776 ) (13312 -11264 -3776 ) (13312 -11264 -6352 ) (13984 -11264 -6352 ) 
4 195 233 (15360 -12288 2496 ) (15360 -12288 2656 ) (14336 -12288 2656 ) (14336 -12288 2496 ) 
4 195 211 (14336 -11264 2656 ) (14336 -11264 2496 ) (14336 -12288 2496 ) (14336 -12288 2656 ) 
4 195 196 (15360 -12288 2496 ) (14880 -12288 2496 ) (14880 -11264 2496 ) (15360 -11264 2496 ) 
4 196 234 (15360 -12288 2048 ) (15360 -12288 2496 ) (14880 -12288 2496 ) (14880 -12288 2048 ) 
4 196 198 (14880 -11264 2048 ) (15360 -11264 2048 ) (15360 -12288 2048 ) (14880 -12288 2048 ) 
4 197 235 (14336 -12288 2432 ) (14336 -12288 2048 ) (14848 -12288 2048 ) (14848 -12288 2432 ) 
4 197 212 (14336 -11264 2432 ) (14336 -11264 2048 ) (14336 -12288 2048 ) (14336 -12288 2432 ) 
4 197 208 (14336 -11264 2048 ) (14624 -11264 2048 ) (14624 -12288 2048 ) (14336 -12288 2048 ) 
4 198 236 (15360 -12288 -3776 ) (15360 -12288 2048 ) (14880 -12288 2048 ) (14880 -12288 -3776 ) 
4 198 209 (15360 -12288 -3776 ) (14880 -12288 -3776 ) (14880 -11264 -3776 ) (15360 -11264 -3776 ) 
4 198 207 (14880 -12128 -3776 ) (14880 -12288 -3776 ) (14880 -12288 -896 ) (14880 -12128 -896 ) 
4 198 206 (14880 -11488 -3776 ) (14880 -12064 -3776 ) (14880 -12064 -896 ) (14880 -11488 -896 ) 
4 198 205 (14880 -11264 -3776 ) (14880 -11424 -3776 ) (14880 -11424 -896 ) (14880 -11264 -896 ) 
4 198 200 (14880 -12064 1088 ) (14880 -11488 1088 ) (14880 -11488 -896 ) (14880 -12064 -896 ) 
4 198 201 (14880 -12288 -896 ) (14880 -12288 1088 ) (14880 -12128 1088 ) (14880 -12128 -896 ) 
4 198 199 (14880 -11424 1088 ) (14880 -11264 1088 ) (14880 -11264 -896 ) (14880 -11424 -896 ) 
4 199 205 (14688 -11264 -896 ) (14880 -11264 -896 ) (14880 -11424 -896 ) (14688 -11424 -896 ) 
4 200 206 (14880 -11488 -896 ) (14880 -12064 -896 ) (14688 -12064 -896 ) (14688 -11488 -896 ) 
4 201 237 (14688 -12288 -896 ) (14880 -12288 -896 ) (14880 -12288 1088 ) (14688 -12288 1088 ) 
4 201 207 (14880 -12128 -896 ) (14880 -12288 -896 ) (14688 -12288 -896 ) (14688 -12128 -896 ) 
4 202 208 (14624 -11424 1088 ) (14624 -11264 1088 ) (14624 -11264 -896 ) (14624 -11424 -896 ) 
4 203 208 (14624 -12064 1088 ) (14624 -11488 1088 ) (14624 -11488 -896 ) (14624 -12064 -896 ) 
4 204 241 (14624 -12288 0 ) (14624 -12288 -896 ) (14640 -12288 -896 ) (14640 -12288 0 ) 
4 204 240 (14624 -12288 192 ) (14624 -12288 0 ) (14640 -12288 0 ) (14640 -12288 192 ) 
4 204 239 (14624 -12288 1088 ) (14624 -12288 192 ) (14640 -12288 192 ) (14640 -12288 1088 ) 
4 204 208 (14624 -12288 -896 ) (14624 -12288 1088 ) (14624 -12128 1088 ) (14624 -12128 -896 ) 
4 205 209 (14688 -11264 -3776 ) (14880 -11264 -3776 ) (14880 -11424 -3776 ) (14688 -11424 -3776 ) 
4 206 209 (14688 -11488 -3776 ) (14880 -11488 -3776 ) (14880 -12064 -3776 ) (14688 -12064 -3776 ) 
4 207 237 (14688 -12288 -3776 ) (14880 -12288 -3776 ) (14880 -12288 -896 ) (14688 -12288 -896 ) 
4 207 209 (14880 -12288 -3776 ) (14688 -12288 -3776 ) (14688 -12128 -3776 ) (14880 -12128 -3776 ) 
4 208 242 (14336 -12288 -896 ) (14336 -12288 -3776 ) (14624 -12288 -3776 ) (14624 -12288 -896 ) 
4 208 241 (14336 -12288 0 ) (14336 -12288 -896 ) (14624 -12288 -896 ) (14624 -12288 0 ) 
4 208 240 (14336 -12288 192 ) (14336 -12288 0 ) (14624 -12288 0 ) (14624 -12288 192 ) 
4 208 239 (14336 -12288 1088 ) (14336 -12288 192 ) (14624 -12288 192 ) (14624 -12288 1088 ) 
4 208 238 (14624 -12288 2048 ) (14336 -12288 2048 ) (14336 -12288 1088 ) (14624 -12288 1088 ) 
4 208 214 (14336 -11264 2048 ) (14336 -11264 -3776 ) (14336 -12288 -3776 ) (14336 -12288 2048 ) 
4 209 248 (15360 -12288 -6352 ) (15360 -12288 -3840 ) (14688 -12288 -3840 ) (14688 -12288 -6352 ) 
4 209 247 (15360 -12288 -3840 ) (15360 -12288 -3776 ) (14688 -12288 -3776 ) (14688 -12288 -3840 ) 
4 209 210 (14688 -11264 -6352 ) (14688 -12288 -6352 ) (14688 -12288 -3840 ) (14688 -11264 -3840 ) 
4 210 248 (14336 -12288 -3840 ) (14336 -12288 -6352 ) (14688 -12288 -6352 ) (14688 -12288 -3840 ) 
4 210 225 (14336 -11264 -3840 ) (14336 -11264 -6352 ) (14336 -12288 -6352 ) (14336 -12288 -3840 ) 
4 211 276 (14336 -12288 2496 ) (14336 -12288 2656 ) (13312 -12288 2656 ) (13312 -12288 2496 ) 
4 211 230 (13312 -12288 2496 ) (13312 -12288 2656 ) (13312 -11264 2656 ) (13312 -11264 2496 ) 
4 211 213 (13792 -12288 2496 ) (13312 -12288 2496 ) (13312 -11264 2496 ) (13792 -11264 2496 ) 
4 212 277 (14336 -12288 2048 ) (14336 -12288 2432 ) (13824 -12288 2432 ) (13824 -12288 2048 ) 
4 212 214 (14336 -11264 2048 ) (14336 -12288 2048 ) (14048 -12288 2048 ) (14048 -11264 2048 ) 
4 213 278 (13792 -12288 2496 ) (13312 -12288 2496 ) (13312 -12288 2048 ) (13792 -12288 2048 ) 
4 213 230 (13312 -12288 2048 ) (13312 -12288 2496 ) (13312 -11264 2496 ) (13312 -11264 2048 ) 
4 213 224 (13792 -12288 2048 ) (13312 -12288 2048 ) (13312 -11264 2048 ) (13792 -11264 2048 ) 
4 214 283 (14336 -12288 -3776 ) (14336 -12288 -896 ) (14048 -12288 -896 ) (14048 -12288 -3776 ) 
4 214 281 (14336 -12288 -896 ) (14336 -12288 1088 ) (14048 -12288 1088 ) (14048 -12288 -896 ) 
4 214 279 (14336 -12288 1088 ) (14336 -12288 2048 ) (14048 -12288 2048 ) (14048 -12288 1088 ) 
4 214 219 (14048 -12288 -896 ) (14048 -12288 1088 ) (14048 -12128 1088 ) (14048 -12128 -896 ) 
4 214 217 (14048 -12064 1088 ) (14048 -11488 1088 ) (14048 -11488 -896 ) (14048 -12064 -896 ) 
4 214 215 (14048 -11424 1088 ) (14048 -11264 1088 ) (14048 -11264 -896 ) (14048 -11424 -896 ) 
4 216 221 (13792 -11424 -896 ) (13792 -11264 -896 ) (13984 -11264 -896 ) (13984 -11424 -896 ) 
4 216 224 (13792 -11424 1088 ) (13792 -11264 1088 ) (13792 -11264 -896 ) (13792 -11424 -896 ) 
4 218 222 (13792 -12064 -896 ) (13792 -11488 -896 ) (13984 -11488 -896 ) (13984 -12064 -896 ) 
4 218 224 (13792 -12064 1088 ) (13792 -11488 1088 ) (13792 -11488 -896 ) (13792 -12064 -896 ) 
4 219 281 (14032 -12288 -896 ) (14048 -12288 -896 ) (14048 -12288 1088 ) (14032 -12288 1088 ) 
4 220 282 (13792 -12288 1088 ) (13792 -12288 -896 ) (13984 -12288 -896 ) (13984 -12288 1088 ) 
4 220 223 (13792 -12288 -896 ) (13792 -12128 -896 ) (13984 -12128 -896 ) (13984 -12288 -896 ) 
4 220 224 (13792 -12288 -896 ) (13792 -12288 1088 ) (13792 -12128 1088 ) (13792 -12128 -896 ) 
4 221 226 (13792 -11424 -3776 ) (13792 -11264 -3776 ) (13984 -11264 -3776 ) (13984 -11424 -3776 ) 
4 221 224 (13792 -11264 -3776 ) (13792 -11424 -3776 ) (13792 -11424 -896 ) (13792 -11264 -896 ) 
4 222 226 (13792 -12064 -3776 ) (13792 -11488 -3776 ) (13984 -11488 -3776 ) (13984 -12064 -3776 ) 
4 222 224 (13792 -11488 -3776 ) (13792 -12064 -3776 ) (13792 -12064 -896 ) (13792 -11488 -896 ) 
4 223 284 (13792 -12288 -896 ) (13792 -12288 -3776 ) (13984 -12288 -3776 ) (13984 -12288 -896 ) 
4 223 226 (13984 -12288 -3776 ) (13792 -12288 -3776 ) (13792 -12128 -3776 ) (13984 -12128 -3776 ) 
4 223 224 (13792 -12128 -3776 ) (13792 -12288 -3776 ) (13792 -12288 -896 ) (13792 -12128 -896 ) 
4 224 284 (13312 -12288 -896 ) (13312 -12288 -3776 ) (13792 -12288 -3776 ) (13792 -12288 -896 ) 
4 224 282 (13312 -12288 1088 ) (13312 -12288 -896 ) (13792 -12288 -896 ) (13792 -12288 1088 ) 
4 224 280 (13792 -12288 2048 ) (13312 -12288 2048 ) (13312 -12288 1088 ) (13792 -12288 1088 ) 
4 224 230 (13312 -12288 -3776 ) (13312 -12288 2048 ) (13312 -11264 2048 ) (13312 -11264 -3776 ) 
4 224 226 (13792 -12288 -3776 ) (13312 -12288 -3776 ) (13312 -11264 -3776 ) (13792 -11264 -3776 ) 
4 225 290 (14336 -12288 -6352 ) (14336 -12288 -3840 ) (13984 -12288 -3840 ) (13984 -12288 -6352 ) 
4 225 226 (13984 -11264 -6352 ) (13984 -12288 -6352 ) (13984 -12288 -3840 ) (13984 -11264 -3840 ) 
4 226 290 (13312 -12288 -3840 ) (13312 -12288 -6352 ) (13984 -12288 -6352 ) (13984 -12288 -3840 ) 
4 226 289 (13984 -12288 -3776 ) (13312 -12288 -3776 ) (13312 -12288 -3840 ) (13984 -12288 -3840 ) 
4 226 230 (13312 -12288 -6352 ) (13312 -12288 -3776 ) (13312 -11264 -3776 ) (13312 -11264 -6352 ) 
4 227 228 (13312 -9216 -6352 ) (13312 -9216 2656 ) (13056 -9216 2656 ) (13056 -9216 -6352 ) 
4 228 229 (13312 -10240 -6352 ) (13312 -10240 2656 ) (13056 -10240 2656 ) (13056 -10240 -6352 ) 
4 229 230 (13312 -11264 -6352 ) (13312 -11264 2656 ) (13056 -11264 2656 ) (13056 -11264 -6352 ) 
4 230 343 (13312 -12288 -6352 ) (13312 -12288 2656 ) (13056 -12288 2656 ) (13056 -12288 -6352 ) 
4 231 275 (15360 -12896 -6352 ) (15360 -13312 -6352 ) (15360 -13312 -128 ) (15360 -12896 -128 ) 
4 231 274 (15360 -13312 -128 ) (15360 -13312 -32 ) (15360 -13056 -32 ) (15360 -13056 -128 ) 
4 231 273 (15360 -13056 -32 ) (15360 -12896 -32 ) (15360 -12896 -128 ) (15360 -13056 -128 ) 
4 231 271 (15360 -13312 -32 ) (15360 -13312 224 ) (15360 -13056 224 ) (15360 -13056 -32 ) 
4 231 264 (15360 -13056 224 ) (15360 -12896 224 ) (15360 -12896 -32 ) (15360 -13056 -32 ) 
4 231 262 (15360 -12768 -6352 ) (15360 -12896 -6352 ) (15360 -12896 -128 ) (15360 -12768 -128 ) 
4 231 259 (15360 -12896 -128 ) (15360 -12896 224 ) (15360 -12768 224 ) (15360 -12768 -128 ) 
4 231 254 (15360 -13312 224 ) (15360 -13312 2048 ) (15360 -12768 2048 ) (15360 -12768 224 ) 
4 231 252 (15360 -13312 2048 ) (15360 -13312 2496 ) (15360 -13184 2496 ) (15360 -13184 2048 ) 
4 231 250 (15360 -13184 2496 ) (15360 -12768 2496 ) (15360 -12768 2048 ) (15360 -13184 2048 ) 
4 231 249 (15360 -13312 2496 ) (15360 -13312 2656 ) (15360 -12768 2656 ) (15360 -12768 2496 ) 
4 231 248 (15360 -12288 -3840 ) (15360 -12288 -6352 ) (15360 -12768 -6352 ) (15360 -12768 -3840 ) 
4 231 247 (15360 -12288 -3776 ) (15360 -12288 -3840 ) (15360 -12768 -3840 ) (15360 -12768 -3776 ) 
4 231 243 (15360 -12704 -3776 ) (15360 -12768 -3776 ) (15360 -12768 2048 ) (15360 -12704 2048 ) 
4 231 236 (15360 -12288 2048 ) (15360 -12288 -3776 ) (15360 -12704 -3776 ) (15360 -12704 2048 ) 
4 231 234 (15360 -12288 2496 ) (15360 -12288 2048 ) (15360 -12768 2048 ) (15360 -12768 2496 ) 
4 231 233 (15360 -12288 2656 ) (15360 -12288 2496 ) (15360 -12768 2496 ) (15360 -12768 2656 ) 
4 231 232 (15616 -13312 2656 ) (15360 -13312 2656 ) (15360 -13312 -6352 ) (15616 -13312 -6352 ) 
4 232 340 (15616 -14336 2656 ) (15360 -14336 2656 ) (15360 -14336 -6352 ) (15616 -14336 -6352 ) 
4 232 325 (15360 -14336 -6352 ) (15360 -14336 -128 ) (15360 -13312 -128 ) (15360 -13312 -6352 ) 
4 232 323 (15360 -14336 -128 ) (15360 -14336 -32 ) (15360 -13312 -32 ) (15360 -13312 -128 ) 
4 232 319 (15360 -14336 -32 ) (15360 -14336 224 ) (15360 -13312 224 ) (15360 -13312 -32 ) 
4 232 316 (15360 -14336 224 ) (15360 -14336 2656 ) (15360 -13312 2656 ) (15360 -13312 224 ) 
4 233 276 (14336 -12288 2656 ) (14336 -12288 2496 ) (14336 -12768 2496 ) (14336 -12768 2656 ) 
4 233 249 (15360 -12768 2496 ) (15360 -12768 2656 ) (14336 -12768 2656 ) (14336 -12768 2496 ) 
4 233 234 (15360 -12768 2496 ) (14880 -12768 2496 ) (14880 -12288 2496 ) (15360 -12288 2496 ) 
4 234 250 (15360 -12768 2048 ) (15360 -12768 2496 ) (14880 -12768 2496 ) (14880 -12768 2048 ) 
4 234 243 (15360 -12768 2048 ) (14880 -12768 2048 ) (14880 -12704 2048 ) (15360 -12704 2048 ) 
4 234 236 (14880 -12704 2048 ) (14880 -12288 2048 ) (15360 -12288 2048 ) (15360 -12704 2048 ) 
4 235 277 (14336 -12288 2432 ) (14336 -12288 2048 ) (14336 -12768 2048 ) (14336 -12768 2432 ) 
4 235 251 (14336 -12768 2432 ) (14336 -12768 2048 ) (14848 -12768 2048 ) (14848 -12768 2432 ) 
4 235 245 (14624 -12768 2048 ) (14336 -12768 2048 ) (14336 -12720 2048 ) (14624 -12720 2048 ) 
4 235 244 (14336 -12720 2048 ) (14336 -12704 2048 ) (14624 -12704 2048 ) (14624 -12720 2048 ) 
4 235 238 (14336 -12704 2048 ) (14336 -12288 2048 ) (14624 -12288 2048 ) (14624 -12704 2048 ) 
4 236 247 (14880 -12288 -3776 ) (15360 -12288 -3776 ) (15360 -12704 -3776 ) (14880 -12704 -3776 ) 
4 236 243 (14880 -12704 -3776 ) (15360 -12704 -3776 ) (15360 -12704 2048 ) (14880 -12704 2048 ) 
4 236 237 (14880 -12288 -3776 ) (14880 -12704 -3776 ) (14880 -12704 1088 ) (14880 -12288 1088 ) 
4 237 247 (14688 -12288 -3776 ) (14880 -12288 -3776 ) (14880 -12704 -3776 ) (14688 -12704 -3776 ) 
4 238 279 (14336 -12288 2048 ) (14336 -12288 1088 ) (14336 -12704 1088 ) (14336 -12704 2048 ) 
4 238 244 (14624 -12704 2048 ) (14336 -12704 2048 ) (14336 -12704 1088 ) (14624 -12704 1088 ) 
4 238 239 (14336 -12288 1088 ) (14624 -12288 1088 ) (14624 -12704 1088 ) (14336 -12704 1088 ) 
4 239 281 (14336 -12288 1088 ) (14336 -12288 192 ) (14336 -12704 192 ) (14336 -12704 1088 ) 
4 239 244 (14624 -12704 1088 ) (14336 -12704 1088 ) (14336 -12704 192 ) (14624 -12704 192 ) 
4 239 240 (14640 -12704 192 ) (14336 -12704 192 ) (14336 -12288 192 ) (14640 -12288 192 ) 
4 240 281 (14336 -12288 192 ) (14336 -12288 0 ) (14336 -12704 0 ) (14336 -12704 192 ) 
4 240 244 (14624 -12704 192 ) (14336 -12704 192 ) (14336 -12704 0 ) (14624 -12704 0 ) 
4 240 241 (14640 -12704 0 ) (14336 -12704 0 ) (14336 -12288 0 ) (14640 -12288 0 ) 
4 241 281 (14336 -12288 0 ) (14336 -12288 -896 ) (14336 -12704 -896 ) (14336 -12704 0 ) 
4 241 244 (14624 -12704 0 ) (14336 -12704 0 ) (14336 -12704 -896 ) (14624 -12704 -896 ) 
4 241 242 (14336 -12288 -896 ) (14624 -12288 -896 ) (14624 -12704 -896 ) (14336 -12704 -896 ) 
4 242 283 (14336 -12288 -896 ) (14336 -12288 -3776 ) (14336 -12704 -3776 ) (14336 -12704 -896 ) 
4 242 244 (14336 -12704 -3776 ) (14624 -12704 -3776 ) (14624 -12704 -896 ) (14336 -12704 -896 ) 
4 243 262 (15360 -12768 -3776 ) (15360 -12768 -128 ) (14880 -12768 -128 ) (14880 -12768 -3776 ) 
4 243 259 (15360 -12768 -128 ) (15360 -12768 224 ) (14880 -12768 224 ) (14880 -12768 -128 ) 
4 243 254 (15360 -12768 224 ) (15360 -12768 2048 ) (14880 -12768 2048 ) (14880 -12768 224 ) 
4 243 247 (15360 -12768 -3776 ) (14880 -12768 -3776 ) (14880 -12704 -3776 ) (15360 -12704 -3776 ) 
4 244 285 (14336 -12704 -3776 ) (14336 -12720 -3776 ) (14336 -12720 2048 ) (14336 -12704 2048 ) 
4 244 245 (14624 -12720 1088 ) (14624 -12720 2048 ) (14336 -12720 2048 ) (14336 -12720 1088 ) 
4 244 246 (14336 -12720 -3776 ) (14624 -12720 -3776 ) (14624 -12720 1024 ) (14336 -12720 1024 ) 
4 245 286 (14336 -12768 1088 ) (14336 -12768 2048 ) (14336 -12720 2048 ) (14336 -12720 1088 ) 
4 246 287 (14336 -12720 -3776 ) (14336 -12768 -3776 ) (14336 -12768 1024 ) (14336 -12720 1024 ) 
3 246 261 (14336 -12768 192 ) (14336 -12768 96.001129 ) (14432 -12768 192 ) 
4 246 260 (14336 -12768 96.001129 ) (14336 -12768 0 ) (14432 -12768 0 ) (14432 -12768 192.001007 ) 
4 247 262 (15360 -12768 -3840 ) (15360 -12768 -3776 ) (14880 -12768 -3776 ) (14880 -12768 -3840 ) 
4 247 248 (15360 -12768 -3840 ) (14688 -12768 -3840 ) (14688 -12288 -3840 ) (15360 -12288 -3840 ) 
4 248 290 (14336 -12288 -3840 ) (14336 -12288 -6352 ) (14336 -12768 -6352 ) (14336 -12768 -3840 ) 
4 248 263 (14880 -12768 -3840 ) (14336 -12768 -3840 ) (14336 -12768 -6352 ) (14880 -12768 -6352 ) 
4 248 262 (15360 -12768 -6352 ) (15360 -12768 -3840 ) (14880 -12768 -3840 ) (14880 -12768 -6352 ) 
4 249 317 (14560 -13312 2656 ) (14336 -13312 2656 ) (14336 -13312 2496 ) (14560 -13312 2496 ) 
4 249 316 (15360 -13312 2496 ) (15360 -13312 2656 ) (14560 -13312 2656 ) (14560 -13312 2496 ) 
4 249 291 (14336 -13312 2496 ) (14336 -13312 2656 ) (14336 -12768 2656 ) (14336 -12768 2496 ) 
4 249 253 (14336 -13312 2496 ) (14336 -13248 2496 ) (14880 -13248 2496 ) (14880 -13312 2496 ) 
4 249 252 (14880 -13184 2496 ) (15360 -13184 2496 ) (15360 -13312 2496 ) (14880 -13312 2496 ) 
4 249 250 (14880 -12768 2496 ) (15360 -12768 2496 ) (15360 -13184 2496 ) (14880 -13184 2496 ) 
4 250 254 (14880 -12768 2048 ) (15360 -12768 2048 ) (15360 -13184 2048 ) (14880 -13184 2048 ) 
4 250 252 (14880 -13184 2048 ) (15360 -13184 2048 ) (15360 -13184 2496 ) (14880 -13184 2496 ) 
4 251 292 (14336 -12768 2432 ) (14336 -12768 2048 ) (14336 -13184 2048 ) (14336 -13184 2432 ) 
4 252 316 (15360 -13312 2048 ) (15360 -13312 2496 ) (14880 -13312 2496 ) (14880 -13312 2048 ) 
4 252 254 (15360 -13312 2048 ) (14880 -13312 2048 ) (14880 -13184 2048 ) (15360 -13184 2048 ) 
4 252 253 (14880 -13248 2048 ) (14880 -13312 2048 ) (14880 -13312 2496 ) (14880 -13248 2496 ) 
4 253 317 (14560 -13312 2496 ) (14336 -13312 2496 ) (14336 -13312 2048 ) (14560 -13312 2048 ) 
4 253 316 (14880 -13312 2496 ) (14560 -13312 2496 ) (14560 -13312 2048 ) (14880 -13312 2048 ) 
4 253 294 (14336 -13312 2048 ) (14336 -13312 2496 ) (14336 -13248 2496 ) (14336 -13248 2048 ) 
4 253 255 (14880 -13312 2048 ) (14336 -13312 2048 ) (14336 -13248 2048 ) (14880 -13248 2048 ) 
4 254 316 (15360 -13312 224 ) (15360 -13312 2048 ) (14880 -13312 2048 ) (14880 -13312 224 ) 
4 254 271 (15360 -13056 224 ) (15360 -13312 224 ) (14880 -13312 224 ) (14880 -13056 224 ) 
4 254 264 (15360 -12896 224 ) (15360 -13056 224 ) (14880 -13056 224 ) (14880 -12896 224 ) 
4 254 259 (14880 -12768 224 ) (15360 -12768 224 ) (15360 -12896 224 ) (14880 -12896 224 ) 
4 254 256 (14880 -12896 224 ) (14880 -13312 224 ) (14880 -13312 1088 ) (14880 -12896 1088 ) 
4 254 255 (14880 -13312 1088 ) (14880 -13312 2048 ) (14880 -13248 2048 ) (14880 -13248 1088 ) 
4 255 317 (14560 -13312 2048 ) (14336 -13312 2048 ) (14336 -13312 1088 ) (14560 -13312 1088 ) 
4 255 316 (14880 -13312 2048 ) (14560 -13312 2048 ) (14560 -13312 1088 ) (14880 -13312 1088 ) 
4 255 296 (14336 -13312 1088 ) (14336 -13312 2048 ) (14336 -13248 2048 ) (14336 -13248 1088 ) 
4 255 257 (14560 -13312 1088 ) (14336 -13312 1088 ) (14336 -13248 1088 ) (14560 -13248 1088 ) 
4 255 256 (14880 -13248 1088 ) (14880 -13312 1088 ) (14560 -13312 1088 ) (14560 -13248 1088 ) 
4 256 316 (14560 -13312 224 ) (14880 -13312 224 ) (14880 -13312 1088 ) (14560 -13312 1088 ) 
4 256 271 (14880 -13056 224 ) (14880 -13312 224 ) (14560 -13312 224 ) (14560 -13056 224 ) 
4 256 264 (14880 -12896 224 ) (14880 -13056 224 ) (14560 -13056 224 ) (14560 -12896 224 ) 
4 256 257 (14560 -13312 320 ) (14560 -13312 1088 ) (14560 -12896 1088 ) (14560 -12896 320 ) 
4 257 317 (14336 -13312 1088 ) (14336 -13312 320 ) (14560 -13312 320 ) (14560 -13312 1088 ) 
4 257 301 (14336 -13312 320 ) (14336 -13312 1088 ) (14336 -13056 1088 ) (14336 -13056 320 ) 
4 257 298 (14336 -13056 1088 ) (14336 -12896 1088 ) (14336 -12896 320 ) (14336 -13056 320 ) 
4 257 258 (14560 -12896 320 ) (14560 -13056 320 ) (14336 -13056 320 ) (14336 -12896 320 ) 
4 258 298 (14336 -13056 320 ) (14336 -12896 320 ) (14336 -12896 224 ) (14336 -13056 224 ) 
4 259 273 (15360 -12896 -128 ) (15360 -12896 -32 ) (14880 -12896 -32 ) (14880 -12896 -128 ) 
4 259 264 (15360 -12896 -32 ) (15360 -12896 224 ) (14880 -12896 224 ) (14880 -12896 -32 ) 
4 259 262 (15360 -12896 -128 ) (14880 -12896 -128 ) (14880 -12768 -128 ) (15360 -12768 -128 ) 
4 260 303 (14336 -12896 0 ) (14336 -12896 96.001129 ) (14336 -12768 96.001129 ) (14336 -12768 0 ) 
4 260 265 (14432 -12896 192.001007 ) (14336 -12896 96.001129 ) (14336 -12896 0 ) (14432 -12896 0 ) 
4 260 261 (14336 -12896 96 ) (14432 -12896 192 ) (14432 -12768 192 ) (14336 -12768 96 ) 
4 261 303 (14336 -12896 96.001129 ) (14336 -12896 192 ) (14336 -12768 192 ) (14336 -12768 96.001129 ) 
3 261 268 (14336 -12896 192 ) (14336 -12896 96.001129 ) (14432 -12896 192 ) 
4 262 275 (15360 -12896 -6352 ) (15360 -12896 -128 ) (14880 -12896 -128 ) (14880 -12896 -6352 ) 
4 262 263 (14880 -12896 -6352 ) (14880 -12896 -3840 ) (14880 -12768 -3840 ) (14880 -12768 -6352 ) 
4 263 304 (14336 -12896 -6352 ) (14336 -12896 -3840 ) (14336 -12768 -3840 ) (14336 -12768 -6352 ) 
4 263 275 (14880 -12896 -6352 ) (14880 -12896 -3840 ) (14336 -12896 -3840 ) (14336 -12896 -6352 ) 
4 264 273 (14560 -12896 -32 ) (15360 -12896 -32 ) (15360 -13056 -32 ) (14560 -13056 -32 ) 
4 264 271 (14560 -13056 -32 ) (15360 -13056 -32 ) (15360 -13056 224 ) (14560 -13056 224 ) 
4 265 306 (14336 -12896 96 ) (14336 -12896 0 ) (14336 -12908 0 ) (14336 -12908 96 ) 
4 265 268 (14432 -12896 192 ) (14336 -12896 96 ) (14336 -12908 96 ) (14432 -12908 192 ) 
4 265 266 (14336 -12908 0 ) (14432 -12908 0 ) (14432 -12908 192 ) (14336 -12908 96 ) 
4 266 307 (14336 -12908 0 ) (14336 -12916 0 ) (14336 -12916 96 ) (14336 -12908 96 ) 
4 266 269 (14336 -12908 96 ) (14336 -12916 96 ) (14432 -12916 192 ) (14432 -12908 192 ) 
4 266 267 (14336 -12916 0 ) (14432 -12916 0 ) (14432 -12916 192 ) (14336 -12916 96 ) 
4 267 308 (14336 -12916 0 ) (14336 -13056 0 ) (14336 -13056 96 ) (14336 -12916 96 ) 
4 267 272 (14432 -13056 0 ) (14432 -13056 192 ) (14336 -13056 96 ) (14336 -13056 0 ) 
4 267 270 (14336 -12916 96 ) (14336 -13056 96 ) (14432 -13056 192 ) (14432 -12916 192 ) 
4 268 306 (14336 -12896 192 ) (14336 -12896 96 ) (14336 -12908 96 ) (14336 -12908 192 ) 
3 268 269 (14336 -12908 96 ) (14432 -12908 192 ) (14336 -12908 192 ) 
4 269 307 (14336 -12908 96 ) (14336 -12916 96 ) (14336 -12916 192 ) (14336 -12908 192 ) 
3 269 270 (14336 -12916 96 ) (14432 -12916 192 ) (14336 -12916 192 ) 
4 270 308 (14336 -12916 96 ) (14336 -13056 96 ) (14336 -13056 192 ) (14336 -12916 192 ) 
3 270 272 (14336 -13056 192 ) (14336 -13056 96 ) (14432 -13056 192 ) 
4 271 319 (15360 -13312 -32 ) (15360 -13312 224 ) (14560 -13312 224 ) (14560 -13312 -32 ) 
4 271 274 (14560 -13056 -32 ) (15360 -13056 -32 ) (15360 -13312 -32 ) (14560 -13312 -32 ) 
4 272 321 (14464 -13312 224 ) (14336 -13312 224 ) (14336 -13312 -32 ) (14464 -13312 -32 ) 
4 272 310 (14336 -13312 -32 ) (14336 -13312 224 ) (14336 -13056 224 ) (14336 -13056 -32 ) 
4 273 275 (14560 -12896 -128 ) (15360 -12896 -128 ) (15360 -13056 -128 ) (14560 -13056 -128 ) 
4 273 274 (14560 -13056 -128 ) (15360 -13056 -128 ) (15360 -13056 -32 ) (14560 -13056 -32 ) 
4 274 323 (15360 -13312 -128 ) (15360 -13312 -32 ) (14560 -13312 -32 ) (14560 -13312 -128 ) 
4 274 275 (15360 -13312 -128 ) (14560 -13312 -128 ) (14560 -13056 -128 ) (15360 -13056 -128 ) 
4 275 325 (15360 -13312 -6352 ) (15360 -13312 -128 ) (14336 -13312 -128 ) (14336 -13312 -6352 ) 
4 275 314 (14336 -13312 -6352 ) (14336 -13312 -128 ) (14336 -13056 -128 ) (14336 -13056 -6352 ) 
4 275 312 (14336 -13056 -128 ) (14336 -12896 -128 ) (14336 -12896 -6352 ) (14336 -13056 -6352 ) 
4 276 343 (13312 -12288 2656 ) (13312 -12288 2496 ) (13312 -12768 2496 ) (13312 -12768 2656 ) 
4 276 291 (14336 -12768 2496 ) (14336 -12768 2656 ) (13312 -12768 2656 ) (13312 -12768 2496 ) 
4 276 278 (13792 -12768 2496 ) (13312 -12768 2496 ) (13312 -12288 2496 ) (13792 -12288 2496 ) 
4 277 292 (14336 -12768 2048 ) (14336 -12768 2432 ) (13824 -12768 2432 ) (13824 -12768 2048 ) 
4 277 286 (14336 -12768 2048 ) (14048 -12768 2048 ) (14048 -12720 2048 ) (14336 -12720 2048 ) 
4 277 285 (14048 -12720 2048 ) (14048 -12704 2048 ) (14336 -12704 2048 ) (14336 -12720 2048 ) 
4 277 279 (14048 -12288 2048 ) (14336 -12288 2048 ) (14336 -12704 2048 ) (14048 -12704 2048 ) 
4 278 343 (13312 -12288 2496 ) (13312 -12288 2048 ) (13312 -12768 2048 ) (13312 -12768 2496 ) 
4 278 293 (13792 -12768 2496 ) (13312 -12768 2496 ) (13312 -12768 2048 ) (13792 -12768 2048 ) 
4 278 288 (13792 -12768 2048 ) (13312 -12768 2048 ) (13312 -12704 2048 ) (13792 -12704 2048 ) 
4 278 280 (13312 -12704 2048 ) (13312 -12288 2048 ) (13792 -12288 2048 ) (13792 -12704 2048 ) 
4 279 285 (14336 -12704 1088 ) (14336 -12704 2048 ) (14048 -12704 2048 ) (14048 -12704 1088 ) 
4 279 281 (14336 -12704 1088 ) (14048 -12704 1088 ) (14048 -12288 1088 ) (14336 -12288 1088 ) 
4 280 343 (13312 -12288 2048 ) (13312 -12288 1088 ) (13312 -12704 1088 ) (13312 -12704 2048 ) 
4 280 288 (13792 -12704 2048 ) (13312 -12704 2048 ) (13312 -12704 1088 ) (13792 -12704 1088 ) 
4 280 282 (13792 -12704 1088 ) (13312 -12704 1088 ) (13312 -12288 1088 ) (13792 -12288 1088 ) 
4 281 285 (14336 -12704 -896 ) (14336 -12704 1088 ) (14048 -12704 1088 ) (14048 -12704 -896 ) 
4 281 283 (14336 -12704 -896 ) (14048 -12704 -896 ) (14048 -12288 -896 ) (14336 -12288 -896 ) 
4 282 343 (13312 -12288 1088 ) (13312 -12288 -896 ) (13312 -12704 -896 ) (13312 -12704 1088 ) 
4 282 288 (13792 -12704 1088 ) (13312 -12704 1088 ) (13312 -12704 -896 ) (13792 -12704 -896 ) 
4 282 284 (13984 -12704 -896 ) (13312 -12704 -896 ) (13312 -12288 -896 ) (13984 -12288 -896 ) 
4 283 285 (14048 -12704 -3776 ) (14336 -12704 -3776 ) (14336 -12704 -896 ) (14048 -12704 -896 ) 
4 284 343 (13312 -12288 -896 ) (13312 -12288 -3776 ) (13312 -12704 -3776 ) (13312 -12704 -896 ) 
4 284 289 (13312 -12704 -3776 ) (13312 -12288 -3776 ) (13984 -12288 -3776 ) (13984 -12704 -3776 ) 
4 284 288 (13312 -12704 -3776 ) (13792 -12704 -3776 ) (13792 -12704 -896 ) (13312 -12704 -896 ) 
4 285 286 (14048 -12720 2048 ) (14048 -12720 1088 ) (14336 -12720 1088 ) (14336 -12720 2048 ) 
4 285 287 (14048 -12720 1024 ) (14048 -12720 -3776 ) (14336 -12720 -3776 ) (14336 -12720 1024 ) 
4 287 303 (14336 -12768 0 ) (14336 -12768 192 ) (14240 -12768 192 ) (14240 -12768 0 ) 
4 288 343 (13312 -12704 -3776 ) (13312 -12768 -3776 ) (13312 -12768 2048 ) (13312 -12704 2048 ) 
4 288 305 (13312 -12768 224 ) (13312 -12768 -3776 ) (13792 -12768 -3776 ) (13792 -12768 224 ) 
4 288 300 (13312 -12768 1088 ) (13312 -12768 224 ) (13792 -12768 224 ) (13792 -12768 1088 ) 
4 288 297 (13792 -12768 2048 ) (13312 -12768 2048 ) (13312 -12768 1088 ) (13792 -12768 1088 ) 
4 288 289 (13792 -12768 -3776 ) (13312 -12768 -3776 ) (13312 -12704 -3776 ) (13792 -12704 -3776 ) 
4 289 343 (13312 -12288 -3776 ) (13312 -12288 -3840 ) (13312 -12768 -3840 ) (13312 -12768 -3776 ) 
4 289 305 (13792 -12768 -3776 ) (13312 -12768 -3776 ) (13312 -12768 -3840 ) (13792 -12768 -3840 ) 
4 289 290 (13984 -12768 -3840 ) (13312 -12768 -3840 ) (13312 -12288 -3840 ) (13984 -12288 -3840 ) 
4 290 343 (13312 -12288 -3840 ) (13312 -12288 -6352 ) (13312 -12768 -6352 ) (13312 -12768 -3840 ) 
4 290 305 (13792 -12768 -3840 ) (13312 -12768 -3840 ) (13312 -12768 -6352 ) (13792 -12768 -6352 ) 
4 290 304 (14336 -12768 -6352 ) (14336 -12768 -3840 ) (13792 -12768 -3840 ) (13792 -12768 -6352 ) 
4 291 343 (13312 -13312 2496 ) (13312 -13312 2656 ) (13312 -12768 2656 ) (13312 -12768 2496 ) 
4 291 334 (13568 -13312 2656 ) (13312 -13312 2656 ) (13312 -13312 2496 ) (13568 -13312 2496 ) 
4 291 326 (14336 -13312 2496 ) (14336 -13312 2656 ) (13568 -13312 2656 ) (13568 -13312 2496 ) 
4 291 294 (14336 -13312 2496 ) (13792 -13312 2496 ) (13792 -13248 2496 ) (14336 -13248 2496 ) 
4 291 295 (13792 -13312 2496 ) (13312 -13312 2496 ) (13312 -13184 2496 ) (13792 -13184 2496 ) 
4 291 293 (13312 -13184 2496 ) (13312 -12768 2496 ) (13792 -12768 2496 ) (13792 -13184 2496 ) 
4 293 343 (13312 -13184 2496 ) (13312 -12768 2496 ) (13312 -12768 2048 ) (13312 -13184 2048 ) 
4 293 297 (13312 -12768 2048 ) (13792 -12768 2048 ) (13792 -13184 2048 ) (13312 -13184 2048 ) 
4 293 295 (13312 -13184 2048 ) (13792 -13184 2048 ) (13792 -13184 2496 ) (13312 -13184 2496 ) 
4 294 326 (14336 -13312 2048 ) (14336 -13312 2496 ) (13792 -13312 2496 ) (13792 -13312 2048 ) 
4 294 296 (14336 -13248 2048 ) (14336 -13312 2048 ) (13792 -13312 2048 ) (13792 -13248 2048 ) 
4 294 295 (13792 -13248 2048 ) (13792 -13312 2048 ) (13792 -13312 2496 ) (13792 -13248 2496 ) 
4 295 343 (13312 -13312 2048 ) (13312 -13312 2496 ) (13312 -13184 2496 ) (13312 -13184 2048 ) 
4 295 334 (13568 -13312 2496 ) (13312 -13312 2496 ) (13312 -13312 2048 ) (13568 -13312 2048 ) 
4 295 326 (13792 -13312 2496 ) (13568 -13312 2496 ) (13568 -13312 2048 ) (13792 -13312 2048 ) 
4 295 297 (13792 -13312 2048 ) (13312 -13312 2048 ) (13312 -13184 2048 ) (13792 -13184 2048 ) 
4 296 326 (14336 -13312 1088 ) (14336 -13312 2048 ) (13792 -13312 2048 ) (13792 -13312 1088 ) 
4 296 301 (14336 -13312 1088 ) (13792 -13312 1088 ) (13792 -13248 1088 ) (14336 -13248 1088 ) 
4 296 297 (13792 -13248 1088 ) (13792 -13312 1088 ) (13792 -13312 2048 ) (13792 -13248 2048 ) 
4 297 343 (13312 -13312 1088 ) (13312 -13312 2048 ) (13312 -12768 2048 ) (13312 -12768 1088 ) 
4 297 334 (13568 -13312 2048 ) (13312 -13312 2048 ) (13312 -13312 1088 ) (13568 -13312 1088 ) 
4 297 326 (13792 -13312 2048 ) (13568 -13312 2048 ) (13568 -13312 1088 ) (13792 -13312 1088 ) 
4 297 301 (13792 -13312 1088 ) (13568 -13312 1088 ) (13568 -13056 1088 ) (13792 -13056 1088 ) 
4 297 302 (13568 -13312 1088 ) (13312 -13312 1088 ) (13312 -13056 1088 ) (13568 -13056 1088 ) 
4 297 300 (13312 -13056 1088 ) (13312 -12768 1088 ) (13792 -12768 1088 ) (13792 -13056 1088 ) 
4 298 301 (14336 -13056 320 ) (14336 -13056 1088 ) (14112 -13056 1088 ) (14112 -13056 320 ) 
4 298 299 (14112 -13056 320 ) (14112 -13056 1088 ) (14112 -12896 1088 ) (14112 -12896 320 ) 
4 299 309 (14112 -12896 224 ) (14112 -13056 224 ) (13792 -13056 224 ) (13792 -12896 224 ) 
4 299 301 (14112 -13056 320 ) (14112 -13056 1088 ) (13792 -13056 1088 ) (13792 -13056 320 ) 
4 299 300 (13792 -12896 224 ) (13792 -13056 224 ) (13792 -13056 1088 ) (13792 -12896 1088 ) 
4 300 343 (13312 -13056 1088 ) (13312 -12768 1088 ) (13312 -12768 224 ) (13312 -13056 224 ) 
4 300 309 (13312 -13056 224 ) (13312 -12896 224 ) (13792 -12896 224 ) (13792 -13056 224 ) 
4 300 305 (13312 -12896 224 ) (13312 -12768 224 ) (13792 -12768 224 ) (13792 -12896 224 ) 
4 300 301 (13792 -13056 320 ) (13792 -13056 1088 ) (13568 -13056 1088 ) (13568 -13056 320 ) 
4 300 302 (13312 -13056 224 ) (13568 -13056 224 ) (13568 -13056 1088 ) (13312 -13056 1088 ) 
4 301 326 (14336 -13312 320 ) (14336 -13312 1088 ) (13568 -13312 1088 ) (13568 -13312 320 ) 
4 301 302 (13568 -13056 1088 ) (13568 -13056 320 ) (13568 -13312 320 ) (13568 -13312 1088 ) 
4 302 343 (13312 -13312 224 ) (13312 -13312 1088 ) (13312 -13056 1088 ) (13312 -13056 224 ) 
4 302 334 (13568 -13312 1088 ) (13312 -13312 1088 ) (13312 -13312 224 ) (13568 -13312 224 ) 
4 302 311 (13568 -13312 224 ) (13312 -13312 224 ) (13312 -13056 224 ) (13568 -13056 224 ) 
4 303 306 (14336 -12896 0 ) (14336 -12896 192 ) (14240 -12896 192 ) (14240 -12896 0 ) 
4 304 312 (14336 -12896 -6352 ) (14336 -12896 -3840 ) (14112 -12896 -3840 ) (14112 -12896 -6352 ) 
4 304 313 (14112 -12896 -3840 ) (13792 -12896 -3840 ) (13792 -12896 -6352 ) (14112 -12896 -6352 ) 
4 304 305 (13792 -12896 -6352 ) (13792 -12896 -3840 ) (13792 -12768 -3840 ) (13792 -12768 -6352 ) 
4 305 343 (13312 -12896 -6352 ) (13312 -12896 224 ) (13312 -12768 224 ) (13312 -12768 -6352 ) 
4 305 313 (13792 -12896 -6352 ) (13792 -12896 -32 ) (13312 -12896 -32 ) (13312 -12896 -6352 ) 
4 305 309 (13792 -12896 -32 ) (13792 -12896 224 ) (13312 -12896 224 ) (13312 -12896 -32 ) 
4 306 307 (14240 -12908 0 ) (14336 -12908 0 ) (14336 -12908 192 ) (14240 -12908 192 ) 
4 307 308 (14240 -12916 0 ) (14336 -12916 0 ) (14336 -12916 192 ) (14240 -12916 192 ) 
4 308 310 (14336 -13056 0 ) (14336 -13056 192 ) (14240 -13056 192 ) (14240 -13056 0 ) 
4 309 343 (13312 -13056 224 ) (13312 -12896 224 ) (13312 -12896 -32 ) (13312 -13056 -32 ) 
4 309 313 (13312 -13056 -32 ) (13312 -12896 -32 ) (14112 -12896 -32 ) (14112 -13056 -32 ) 
4 309 311 (13312 -13056 -32 ) (13568 -13056 -32 ) (13568 -13056 224 ) (13312 -13056 224 ) 
4 310 328 (14336 -13312 -32 ) (14336 -13312 224 ) (14208 -13312 224 ) (14208 -13312 -32 ) 
4 311 343 (13312 -13312 -32 ) (13312 -13312 224 ) (13312 -13056 224 ) (13312 -13056 -32 ) 
4 311 335 (13568 -13312 224 ) (13440 -13312 224 ) (13440 -13312 -32 ) (13568 -13312 -32 ) 
4 311 338 (13440 -13312 224 ) (13312 -13312 224 ) (13312 -13312 -32 ) (13440 -13312 -32 ) 
4 311 315 (13568 -13312 -32 ) (13312 -13312 -32 ) (13312 -13056 -32 ) (13568 -13056 -32 ) 
4 312 314 (14336 -13056 -6352 ) (14336 -13056 -128 ) (14112 -13056 -128 ) (14112 -13056 -6352 ) 
4 312 313 (14112 -12896 -6352 ) (14112 -13056 -6352 ) (14112 -13056 -128 ) (14112 -12896 -128 ) 
4 313 343 (13312 -13056 -6352 ) (13312 -13056 -32 ) (13312 -12896 -32 ) (13312 -12896 -6352 ) 
4 313 314 (13568 -13056 -128 ) (13568 -13056 -6352 ) (14112 -13056 -6352 ) (14112 -13056 -128 ) 
4 313 315 (13568 -13056 -32 ) (13312 -13056 -32 ) (13312 -13056 -6352 ) (13568 -13056 -6352 ) 
4 314 333 (14336 -13312 -6352 ) (14336 -13312 -128 ) (13568 -13312 -128 ) (13568 -13312 -6352 ) 
4 314 315 (13568 -13056 -128 ) (13568 -13056 -6352 ) (13568 -13312 -6352 ) (13568 -13312 -128 ) 
4 315 343 (13312 -13312 -6352 ) (13312 -13312 -32 ) (13312 -13056 -32 ) (13312 -13056 -6352 ) 
4 315 339 (13568 -13312 -32 ) (13312 -13312 -32 ) (13312 -13312 -6352 ) (13568 -13312 -6352 ) 
4 316 341 (15360 -14336 224 ) (15360 -14336 2656 ) (14560 -14336 2656 ) (14560 -14336 224 ) 
4 316 319 (15360 -14336 224 ) (14560 -14336 224 ) (14560 -13312 224 ) (15360 -13312 224 ) 
4 316 317 (14560 -14048 320 ) (14560 -14048 2656 ) (14560 -13312 2656 ) (14560 -13312 320 ) 
4 316 318 (14560 -14048 224 ) (14560 -14336 224 ) (14560 -14336 2656 ) (14560 -14048 2656 ) 
4 317 326 (14336 -13312 2656 ) (14336 -13312 320 ) (14336 -14048 320 ) (14336 -14048 2656 ) 
4 317 318 (14560 -14048 320 ) (14560 -14048 2656 ) (14336 -14048 2656 ) (14336 -14048 320 ) 
4 318 341 (14560 -14336 2656 ) (14336 -14336 2656 ) (14336 -14336 224 ) (14560 -14336 224 ) 
4 318 327 (14336 -14048 224 ) (14336 -14336 224 ) (14336 -14336 2656 ) (14336 -14048 2656 ) 
4 318 322 (14464 -14336 224 ) (14336 -14336 224 ) (14336 -14048 224 ) (14464 -14048 224 ) 
4 318 320 (14560 -14336 224 ) (14464 -14336 224 ) (14464 -14048 224 ) (14560 -14048 224 ) 
4 319 341 (15360 -14336 -32 ) (15360 -14336 224 ) (14560 -14336 224 ) (14560 -14336 -32 ) 
4 319 323 (14560 -13312 -32 ) (15360 -13312 -32 ) (15360 -14336 -32 ) (14560 -14336 -32 ) 
4 319 320 (14560 -13952 -32 ) (14560 -14336 -32 ) (14560 -14336 224 ) (14560 -13952 224 ) 
4 320 341 (14560 -14336 224 ) (14464 -14336 224 ) (14464 -14336 -32 ) (14560 -14336 -32 ) 
4 320 324 (14560 -14048 -32 ) (14560 -14336 -32 ) (14464 -14336 -32 ) (14464 -14048 -32 ) 
4 320 322 (14464 -14048 -32 ) (14464 -14336 -32 ) (14464 -14336 224 ) (14464 -14048 224 ) 
4 321 328 (14336 -13312 224 ) (14336 -13312 -32 ) (14336 -13952 -32 ) (14336 -13952 224 ) 
4 322 341 (14464 -14336 224 ) (14336 -14336 224 ) (14336 -14336 -32 ) (14464 -14336 -32 ) 
4 322 331 (14336 -14048 -32 ) (14336 -14336 -32 ) (14336 -14336 224 ) (14336 -14048 224 ) 
4 322 324 (14464 -14048 -32 ) (14464 -14336 -32 ) (14336 -14336 -32 ) (14336 -14048 -32 ) 
4 323 341 (15360 -14336 -128 ) (15360 -14336 -32 ) (14560 -14336 -32 ) (14560 -14336 -128 ) 
4 323 325 (15360 -14336 -128 ) (14560 -14336 -128 ) (14560 -13312 -128 ) (15360 -13312 -128 ) 
4 323 324 (14560 -14048 -128 ) (14560 -14336 -128 ) (14560 -14336 -32 ) (14560 -14048 -32 ) 
4 324 341 (14560 -14336 -32 ) (14336 -14336 -32 ) (14336 -14336 -128 ) (14560 -14336 -128 ) 
4 324 332 (14336 -14048 -128 ) (14336 -14336 -128 ) (14336 -14336 -32 ) (14336 -14048 -32 ) 
4 324 325 (14560 -14336 -128 ) (14336 -14336 -128 ) (14336 -14048 -128 ) (14560 -14048 -128 ) 
4 325 341 (15360 -14336 -6352 ) (15360 -14336 -128 ) (14336 -14336 -128 ) (14336 -14336 -6352 ) 
4 325 333 (14336 -13312 -128 ) (14336 -13312 -6352 ) (14336 -14336 -6352 ) (14336 -14336 -128 ) 
4 326 334 (13568 -14048 2656 ) (13568 -13312 2656 ) (13568 -13312 320 ) (13568 -14048 320 ) 
4 326 327 (14336 -14048 320 ) (14336 -14048 2656 ) (13568 -14048 2656 ) (13568 -14048 320 ) 
4 327 342 (14336 -14336 224 ) (14336 -14336 2656 ) (13568 -14336 2656 ) (13568 -14336 224 ) 
4 327 334 (13568 -14336 224 ) (13568 -14336 2656 ) (13568 -14048 2656 ) (13568 -14048 224 ) 
4 327 331 (14336 -14336 224 ) (13568 -14336 224 ) (13568 -14048 224 ) (14336 -14048 224 ) 
4 328 329 (14208 -13568 -32 ) (14208 -13696 -32 ) (14208 -13696 224 ) (14208 -13568 224 ) 
4 328 330 (14208 -13696 -32 ) (14208 -13952 -32 ) (14208 -13952 224 ) (14208 -13696 224 ) 
4 329 330 (14080 -13696 -32 ) (14208 -13696 -32 ) (14208 -13696 224 ) (14080 -13696 224 ) 
4 330 336 (13568 -13920 0 ) (13568 -13920 192 ) (13568 -13728 192 ) (13568 -13728 0 ) 
4 331 342 (14336 -14336 -32 ) (14336 -14336 224 ) (13568 -14336 224 ) (13568 -14336 -32 ) 
4 331 337 (13568 -14336 -32 ) (13568 -14336 224 ) (13568 -14048 224 ) (13568 -14048 -32 ) 
4 331 332 (13568 -14336 -32 ) (13568 -14048 -32 ) (14336 -14048 -32 ) (14336 -14336 -32 ) 
4 332 342 (14336 -14336 -128 ) (14336 -14336 -32 ) (13568 -14336 -32 ) (13568 -14336 -128 ) 
4 332 339 (13568 -14336 -128 ) (13568 -14336 -32 ) (13568 -14048 -32 ) (13568 -14048 -128 ) 
4 332 333 (14336 -14336 -128 ) (13568 -14336 -128 ) (13568 -14048 -128 ) (14336 -14048 -128 ) 
4 333 342 (14336 -14336 -6352 ) (14336 -14336 -128 ) (13568 -14336 -128 ) (13568 -14336 -6352 ) 
4 333 339 (13568 -14336 -6352 ) (13568 -14336 -128 ) (13568 -13312 -128 ) (13568 -13312 -6352 ) 
4 334 344 (13312 -14336 224 ) (13312 -14336 2656 ) (13312 -13312 2656 ) (13312 -13312 224 ) 
4 334 342 (13568 -14336 224 ) (13568 -14336 2656 ) (13312 -14336 2656 ) (13312 -14336 224 ) 
4 334 335 (13568 -13312 224 ) (13568 -13696 224 ) (13440 -13696 224 ) (13440 -13312 224 ) 
4 334 337 (13568 -13952 224 ) (13568 -14336 224 ) (13440 -14336 224 ) (13440 -13952 224 ) 
4 334 338 (13440 -14336 224 ) (13312 -14336 224 ) (13312 -13312 224 ) (13440 -13312 224 ) 
4 335 339 (13440 -13312 -32 ) (13568 -13312 -32 ) (13568 -13696 -32 ) (13440 -13696 -32 ) 
4 335 338 (13440 -13312 -32 ) (13440 -13696 -32 ) (13440 -13696 224 ) (13440 -13312 224 ) 
4 336 338 (13440 -13920 0 ) (13440 -13920 192 ) (13440 -13728 192 ) (13440 -13728 0 ) 
4 337 342 (13568 -14336 -32 ) (13568 -14336 224 ) (13440 -14336 224 ) (13440 -14336 -32 ) 
4 337 339 (13568 -13952 -32 ) (13568 -14336 -32 ) (13440 -14336 -32 ) (13440 -13952 -32 ) 
4 337 338 (13440 -13952 -32 ) (13440 -14336 -32 ) (13440 -14336 224 ) (13440 -13952 224 ) 
4 338 344 (13312 -14336 -32 ) (13312 -14336 224 ) (13312 -13312 224 ) (13312 -13312 -32 ) 
4 338 342 (13440 -14336 224 ) (13312 -14336 224 ) (13312 -14336 -32 ) (13440 -14336 -32 ) 
4 338 339 (13312 -14336 -32 ) (13312 -13312 -32 ) (13440 -13312 -32 ) (13440 -14336 -32 ) 
4 339 344 (13312 -14336 -6352 ) (13312 -14336 -32 ) (13312 -13312 -32 ) (13312 -13312 -6352 ) 
4 339 342 (13568 -14336 -6352 ) (13568 -14336 -32 ) (13312 -14336 -32 ) (13312 -14336 -6352 ) 
4 340 341 (15360 -14336 2656 ) (15360 -14336 -6352 ) (15360 -14592 -6352 ) (15360 -14592 2656 ) 
4 341 342 (14336 -14336 2656 ) (14336 -14336 -6352 ) (14336 -14592 -6352 ) (14336 -14592 2656 ) 
4 342 345 (13312 -14592 2656 ) (13312 -14336 2656 ) (13312 -14336 -6352 ) (13312 -14592 -6352 ) 
4 343 344 (13312 -13312 -6352 ) (13312 -13312 2656 ) (13056 -13312 2656 ) (13056 -13312 -6352 ) 
4 344 345 (13312 -14336 -6352 ) (13312 -14336 2656 ) (13056 -14336 2656 ) (13056 -14336 -6352 ) 
